Release 14.7 - xst P.20131013 (lin64)
Copyright (c) 1995-2013 Xilinx, Inc.  All rights reserved.
--> 
Parameter TMPDIR set to xst/projnav.tmp


Total REAL time to Xst completion: 0.00 secs
Total CPU time to Xst completion: 0.06 secs
 
--> 
Parameter xsthdpdir set to xst


Total REAL time to Xst completion: 0.00 secs
Total CPU time to Xst completion: 0.06 secs
 
--> 
Reading design: top.prj

TABLE OF CONTENTS
  1) Synthesis Options Summary
  2) HDL Compilation
  3) Design Hierarchy Analysis
  4) HDL Analysis
  5) HDL Synthesis
     5.1) HDL Synthesis Report
  6) Advanced HDL Synthesis
     6.1) Advanced HDL Synthesis Report
  7) Low Level Synthesis
  8) Partition Report
  9) Final Report
	9.1) Device utilization summary
	9.2) Partition Resource Summary
	9.3) TIMING REPORT


=========================================================================
*                      Synthesis Options Summary                        *
=========================================================================
---- Source Parameters
Input File Name                    : "top.prj"
Input Format                       : mixed
Ignore Synthesis Constraint File   : NO

---- Target Parameters
Output File Name                   : "top"
Output Format                      : NGC
Target Device                      : xc3s500e-4-fg320

---- Source Options
Top Module Name                    : top
Automatic FSM Extraction           : YES
FSM Encoding Algorithm             : Auto
Safe Implementation                : No
FSM Style                          : LUT
RAM Extraction                     : Yes
RAM Style                          : Auto
ROM Extraction                     : Yes
Mux Style                          : Auto
Decoder Extraction                 : YES
Priority Encoder Extraction        : Yes
Shift Register Extraction          : YES
Logical Shifter Extraction         : YES
XOR Collapsing                     : YES
ROM Style                          : Auto
Mux Extraction                     : Yes
Resource Sharing                   : YES
Asynchronous To Synchronous        : NO
Multiplier Style                   : Auto
Automatic Register Balancing       : No

---- Target Options
Add IO Buffers                     : YES
Global Maximum Fanout              : 100000
Add Generic Clock Buffer(BUFG)     : 24
Register Duplication               : YES
Slice Packing                      : YES
Optimize Instantiated Primitives   : NO
Use Clock Enable                   : Yes
Use Synchronous Set                : Yes
Use Synchronous Reset              : Yes
Pack IO Registers into IOBs        : Auto
Equivalent register Removal        : YES

---- General Options
Optimization Goal                  : Speed
Optimization Effort                : 1
Keep Hierarchy                     : No
Netlist Hierarchy                  : As_Optimized
RTL Output                         : Yes
Global Optimization                : AllClockNets
Read Cores                         : YES
Write Timing Constraints           : NO
Cross Clock Analysis               : NO
Hierarchy Separator                : /
Bus Delimiter                      : <>
Case Specifier                     : Maintain
Slice Utilization Ratio            : 100
BRAM Utilization Ratio             : 100
Verilog 2001                       : YES
Auto BRAM Packing                  : NO
Slice Utilization Ratio Delta      : 5

=========================================================================


=========================================================================
*                          HDL Compilation                              *
=========================================================================
Compiling verilog file "rot_event.v" in library work
Compiling verilog file "main.v" in library work
Module <rot_event> compiled
Compiling verilog file "driver.v" in library work
Module <main> compiled
Compiling verilog file "top.v" in library work
Module <driver> compiled
Module <top> compiled
No errors in compilation
Analysis of file <"top.prj"> succeeded.
 

=========================================================================
*                     Design Hierarchy Analysis                         *
=========================================================================
Analyzing hierarchy for module <top> in library <work>.

Analyzing hierarchy for module <rot_event> in library <work>.

Analyzing hierarchy for module <main> in library <work>.

Analyzing hierarchy for module <driver> in library <work>.


=========================================================================
*                            HDL Analysis                               *
=========================================================================
Analyzing top module <top>.
Module <top> is correct for synthesis.
 
Analyzing module <rot_event> in library <work>.
Module <rot_event> is correct for synthesis.
 
Analyzing module <main> in library <work>.
Module <main> is correct for synthesis.
 
Analyzing module <driver> in library <work>.
WARNING:Xst:790 - "driver.v" line 223: Index value(s) does not match array range, simulation mismatch.
WARNING:Xst:790 - "driver.v" line 233: Index value(s) does not match array range, simulation mismatch.
WARNING:Xst:790 - "driver.v" line 281: Index value(s) does not match array range, simulation mismatch.
WARNING:Xst:790 - "driver.v" line 291: Index value(s) does not match array range, simulation mismatch.
Module <driver> is correct for synthesis.
 

=========================================================================
*                           HDL Synthesis                               *
=========================================================================

Performing bidirectional port resolution...
INFO:Xst:2679 - Register <LCD_W> in unit <driver> has a constant value of 0 during circuit operation. The register is replaced by logic.

Synthesizing Unit <rot_event>.
    Related source file is "rot_event.v".
    Found 1-bit register for signal <rot_event>.
    Summary:
	inferred   1 D-type flip-flop(s).
Unit <rot_event> synthesized.


Synthesizing Unit <main>.
    Related source file is "main.v".
    Found 4-bit register for signal <cnt>.
    Found 128-bit register for signal <first>.
    Found 128-bit register for signal <second>.
    Found 3-bit register for signal <a>.
    Found 8-bit register for signal <a1>.
    Found 6-bit adder for signal <a1$add0000> created at line 71.
    Found 3-bit register for signal <b>.
    Found 8-bit register for signal <b1>.
    Found 6-bit adder for signal <b1$add0000> created at line 72.
    Found 3-bit register for signal <c>.
    Found 8-bit register for signal <c1>.
    Found 6-bit adder for signal <c1$add0000> created at line 73.
    Found 3-bit register for signal <d>.
    Found 8-bit register for signal <d1>.
    Found 6-bit adder for signal <d1$add0000> created at line 74.
    Found 8-bit register for signal <e1>.
    Found 6-bit adder for signal <e1$add0000> created at line 78.
    Found 2-bit register for signal <index>.
    Found 3-bit comparator greater for signal <index$cmp_gt0000> created at line 69.
    Found 3-bit comparator greater for signal <index$cmp_gt0001> created at line 69.
    Found 3-bit comparator greater for signal <index$cmp_gt0002> created at line 69.
    Found 3-bit comparator greater for signal <index$cmp_gt0003> created at line 67.
    Found 3-bit comparator greater for signal <index$cmp_gt0004> created at line 67.
    Found 3-bit comparator greater for signal <index$cmp_gt0005> created at line 67.
    Found 3-bit comparator greater for signal <index$cmp_gt0006> created at line 65.
    Found 3-bit comparator greater for signal <index$cmp_gt0007> created at line 65.
    Found 3-bit comparator greater for signal <index$cmp_gt0008> created at line 65.
    Found 3-bit comparator greater for signal <index$cmp_gt0009> created at line 63.
    Found 3-bit comparator greater for signal <index$cmp_gt0010> created at line 63.
    Found 3-bit comparator greater for signal <index$cmp_gt0011> created at line 63.
    Found 3-bit comparator lessequal for signal <index$cmp_le0000> created at line 63.
    Found 3-bit comparator lessequal for signal <index$cmp_le0001> created at line 63.
    Found 3-bit comparator lessequal for signal <index$cmp_le0002> created at line 63.
    Found 3-bit comparator lessequal for signal <index$cmp_le0003> created at line 65.
    Found 3-bit comparator lessequal for signal <index$cmp_le0004> created at line 65.
    Found 3-bit comparator lessequal for signal <index$cmp_le0005> created at line 65.
    Found 3-bit comparator lessequal for signal <index$cmp_le0006> created at line 67.
    Found 3-bit comparator lessequal for signal <index$cmp_le0007> created at line 67.
    Found 3-bit comparator lessequal for signal <index$cmp_le0008> created at line 67.
    Found 1-bit register for signal <prev>.
    Summary:
	inferred 315 D-type flip-flop(s).
	inferred   5 Adder/Subtractor(s).
	inferred  21 Comparator(s).
Unit <main> synthesized.


Synthesizing Unit <driver>.
    Related source file is "driver.v".
    Found finite state machine <FSM_0> for signal <local>.
    -----------------------------------------------------------------------
    | States             | 6                                              |
    | Transitions        | 122                                            |
    | Inputs             | 11                                             |
    | Outputs            | 8                                              |
    | Clock              | clk                       (rising_edge)        |
    | Clock enable       | local$cmp_eq0000          (positive)           |
    | Power Up State     | 000000                                         |
    | Encoding           | automatic                                      |
    | Implementation     | LUT                                            |
    -----------------------------------------------------------------------
    Found finite state machine <FSM_1> for signal <state>.
    -----------------------------------------------------------------------
    | States             | 9                                              |
    | Transitions        | 28                                             |
    | Inputs             | 5                                              |
    | Outputs            | 9                                              |
    | Clock              | clk                       (rising_edge)        |
    | Clock enable       | local$cmp_eq0000          (positive)           |
    | Power Up State     | 000001                                         |
    | Encoding           | automatic                                      |
    | Implementation     | LUT                                            |
    -----------------------------------------------------------------------
    Found 1-bit register for signal <LCD_E>.
    Found 1-bit register for signal <LCD_RS>.
    Found 4-bit register for signal <data>.
    Found 26-bit up counter for signal <cnt>.
    Found 26-bit adder for signal <cnt$share0000>.
    Found 6-bit register for signal <count>.
    Found 6-bit adder for signal <count$addsub0000>.
    Found 9-bit register for signal <pos>.
    Found 9-bit subtractor for signal <pos$share0000>.
    Found 9-bit register for signal <pos1>.
    Found 9-bit subtractor for signal <pos1$addsub0000> created at line 285.
    Found 3-bit register for signal <temp>.
    Found 3-bit adder for signal <temp$addsub0000> created at line 78.
    Summary:
	inferred   2 Finite State Machine(s).
	inferred   1 Counter(s).
	inferred  33 D-type flip-flop(s).
	inferred   5 Adder/Subtractor(s).
Unit <driver> synthesized.


Synthesizing Unit <top>.
    Related source file is "top.v".
Unit <top> synthesized.

INFO:Xst:1767 - HDL ADVISOR - Resource sharing has identified that some arithmetic operations in this design can share the same physical resources for reduced device utilization. For improved clock frequency you may try to disable resource sharing.

=========================================================================
HDL Synthesis Report

Macro Statistics
# Adders/Subtractors                                   : 10
 26-bit adder                                          : 1
 3-bit adder                                           : 1
 6-bit adder                                           : 6
 9-bit subtractor                                      : 2
# Counters                                             : 1
 26-bit up counter                                     : 1
# Registers                                            : 22
 1-bit register                                        : 4
 128-bit register                                      : 2
 2-bit register                                        : 1
 3-bit register                                        : 5
 4-bit register                                        : 2
 6-bit register                                        : 1
 8-bit register                                        : 5
 9-bit register                                        : 2
# Comparators                                          : 21
 3-bit comparator greater                              : 12
 3-bit comparator lessequal                            : 9

=========================================================================

=========================================================================
*                       Advanced HDL Synthesis                          *
=========================================================================

Analyzing FSM <FSM_1> for best encoding.
Optimizing FSM <de/state/FSM> on signal <state[1:4]> with sequential encoding.
--------------------
 State  | Encoding
--------------------
 000001 | 0000
 000010 | 0001
 000011 | 0010
 000100 | 0011
 000101 | 0100
 000110 | 0101
 000111 | 0110
 001000 | 0111
 001001 | 1000
--------------------
Analyzing FSM <FSM_0> for best encoding.
Optimizing FSM <de/local/FSM> on signal <local[1:6]> with one-hot encoding.
--------------------
 State  | Encoding
--------------------
 000000 | 000001
 000001 | 000010
 000010 | 000100
 000011 | 001000
 000100 | 010000
 000101 | 100000
--------------------
INFO:Xst:2261 - The FF/Latch <e1_6> in Unit <u2> is equivalent to the following FF/Latch, which will be removed : <e1_7> 
INFO:Xst:2261 - The FF/Latch <b1_6> in Unit <u2> is equivalent to the following 7 FFs/Latches, which will be removed : <b1_7> <a1_6> <a1_7> <c1_6> <c1_7> <d1_6> <d1_7> 
INFO:Xst:2261 - The FF/Latch <second_0> in Unit <u2> is equivalent to the following 182 FFs/Latches, which will be removed : <second_1> <second_2> <second_3> <second_4> <second_6> <second_7> <second_8> <second_9> <second_10> <second_11> <second_12> <second_14> <second_15> <second_16> <second_17> <second_18> <second_19> <second_20> <second_22> <second_23> <second_24> <second_25> <second_26> <second_27> <second_28> <second_30> <second_31> <second_32> <second_33> <second_34> <second_35> <second_36> <second_38> <second_39> <second_40> <second_41> <second_42> <second_43> <second_44> <second_46> <second_47> <second_48> <second_49> <second_50> <second_51> <second_52> <second_54> <second_55> <second_56> <second_57> <second_58> <second_59> <second_60> <second_62> <second_63> <second_64> <second_65> <second_66> <second_67> <second_68> <second_70> <second_71> <second_72> <second_73> <second_74> <second_75> <second_76> <second_78> <second_79> <second_80> <second_81> <second_82> <second_83> <second_84> <second_86>
   <second_87> <second_88> <second_89> <second_90> <second_91> <second_92> <second_94> <second_95> <second_96> <second_97> <second_98> <second_99> <second_100> <second_102> <second_103> <second_104> <second_105> <second_106> <second_107> <second_108> <second_110> <second_111> <second_112> <second_113> <second_114> <second_115> <second_116> <second_118> <second_119> <first_0> <first_1> <first_2> <first_3> <first_4> <first_6> <first_7> <first_8> <first_9> <first_10> <first_11> <first_12> <first_14> <first_15> <first_16> <first_17> <first_18> <first_19> <first_20> <first_22> <first_23> <first_24> <first_25> <first_26> <first_27> <first_28> <first_30> <first_31> <first_32> <first_33> <first_34> <first_35> <first_36> <first_38> <first_39> <first_40> <first_41> <first_42> <first_43> <first_44> <first_46> <first_47> <first_56> <first_57> <first_58> <first_59> <first_60> <first_62> <first_63> <first_64> <first_65> <first_68> <first_70> <first_71> <first_80> <first_81> <first_82> <first_83> <first_84> <first_86>
   <first_87> <first_88> <first_89> <first_92> <first_94> <first_95> <first_104> <first_105> <first_106> <first_107> <first_108> <first_110> <first_111> <first_112> <first_113> <first_116> <first_118> <first_119> 
INFO:Xst:2261 - The FF/Latch <second_5> in Unit <u2> is equivalent to the following 32 FFs/Latches, which will be removed : <second_13> <second_21> <second_29> <second_37> <second_45> <second_53> <second_61> <second_69> <second_77> <second_85> <second_93> <second_101> <second_109> <second_117> <first_5> <first_13> <first_21> <first_29> <first_37> <first_45> <first_61> <first_66> <first_67> <first_69> <first_85> <first_90> <first_91> <first_93> <first_109> <first_114> <first_115> <first_117> 
WARNING:Xst:1710 - FF/Latch <b1_6> (without init value) has a constant value of 0 in block <u2>. This FF/Latch will be trimmed during the optimization process.
WARNING:Xst:1710 - FF/Latch <e1_6> (without init value) has a constant value of 0 in block <u2>. This FF/Latch will be trimmed during the optimization process.
WARNING:Xst:1710 - FF/Latch <second_0> (without init value) has a constant value of 0 in block <u2>. This FF/Latch will be trimmed during the optimization process.
WARNING:Xst:1710 - FF/Latch <second_5> (without init value) has a constant value of 1 in block <u2>. This FF/Latch will be trimmed during the optimization process.
WARNING:Xst:1895 - Due to other FF/Latch trimming, FF/Latch <second_126> (without init value) has a constant value of 0 in block <u2>. This FF/Latch will be trimmed during the optimization process.
WARNING:Xst:1895 - Due to other FF/Latch trimming, FF/Latch <second_127> (without init value) has a constant value of 0 in block <u2>. This FF/Latch will be trimmed during the optimization process.
WARNING:Xst:1895 - Due to other FF/Latch trimming, FF/Latch <first_54> (without init value) has a constant value of 0 in block <u2>. This FF/Latch will be trimmed during the optimization process.
WARNING:Xst:1895 - Due to other FF/Latch trimming, FF/Latch <first_55> (without init value) has a constant value of 0 in block <u2>. This FF/Latch will be trimmed during the optimization process.
WARNING:Xst:1895 - Due to other FF/Latch trimming, FF/Latch <first_78> (without init value) has a constant value of 0 in block <u2>. This FF/Latch will be trimmed during the optimization process.
WARNING:Xst:1895 - Due to other FF/Latch trimming, FF/Latch <first_79> (without init value) has a constant value of 0 in block <u2>. This FF/Latch will be trimmed during the optimization process.
WARNING:Xst:1895 - Due to other FF/Latch trimming, FF/Latch <first_102> (without init value) has a constant value of 0 in block <u2>. This FF/Latch will be trimmed during the optimization process.
WARNING:Xst:1895 - Due to other FF/Latch trimming, FF/Latch <first_103> (without init value) has a constant value of 0 in block <u2>. This FF/Latch will be trimmed during the optimization process.
WARNING:Xst:1895 - Due to other FF/Latch trimming, FF/Latch <first_126> (without init value) has a constant value of 0 in block <u2>. This FF/Latch will be trimmed during the optimization process.
WARNING:Xst:1895 - Due to other FF/Latch trimming, FF/Latch <first_127> (without init value) has a constant value of 0 in block <u2>. This FF/Latch will be trimmed during the optimization process.
WARNING:Xst:2404 -  FFs/Latches <a1<7:6>> (without init value) have a constant value of 0 in block <main>.
WARNING:Xst:2404 -  FFs/Latches <b1<7:6>> (without init value) have a constant value of 0 in block <main>.
WARNING:Xst:2404 -  FFs/Latches <c1<7:6>> (without init value) have a constant value of 0 in block <main>.
WARNING:Xst:2404 -  FFs/Latches <d1<7:6>> (without init value) have a constant value of 0 in block <main>.
WARNING:Xst:2404 -  FFs/Latches <e1<7:6>> (without init value) have a constant value of 0 in block <main>.
WARNING:Xst:2404 -  FFs/Latches <first<127:126>> (without init value) have a constant value of 0 in block <main>.
WARNING:Xst:2404 -  FFs/Latches <second<127:126>> (without init value) have a constant value of 0 in block <main>.

=========================================================================
Advanced HDL Synthesis Report

Macro Statistics
# FSMs                                                 : 2
# Adders/Subtractors                                   : 10
 26-bit adder                                          : 1
 3-bit adder                                           : 1
 6-bit adder                                           : 6
 9-bit subtractor                                      : 2
# Counters                                             : 1
 26-bit up counter                                     : 1
# Registers                                            : 335
 Flip-Flops                                            : 335
# Comparators                                          : 21
 3-bit comparator greater                              : 12
 3-bit comparator lessequal                            : 9

=========================================================================

=========================================================================
*                         Low Level Synthesis                           *
=========================================================================
WARNING:Xst:1710 - FF/Latch <second_37> (without init value) has a constant value of 1 in block <main>. This FF/Latch will be trimmed during the optimization process.
WARNING:Xst:1895 - Due to other FF/Latch trimming, FF/Latch <second_38> (without init value) has a constant value of 0 in block <main>. This FF/Latch will be trimmed during the optimization process.
WARNING:Xst:1895 - Due to other FF/Latch trimming, FF/Latch <second_39> (without init value) has a constant value of 0 in block <main>. This FF/Latch will be trimmed during the optimization process.
WARNING:Xst:1895 - Due to other FF/Latch trimming, FF/Latch <second_40> (without init value) has a constant value of 0 in block <main>. This FF/Latch will be trimmed during the optimization process.
WARNING:Xst:1895 - Due to other FF/Latch trimming, FF/Latch <second_41> (without init value) has a constant value of 0 in block <main>. This FF/Latch will be trimmed during the optimization process.
WARNING:Xst:1895 - Due to other FF/Latch trimming, FF/Latch <second_42> (without init value) has a constant value of 0 in block <main>. This FF/Latch will be trimmed during the optimization process.
WARNING:Xst:1895 - Due to other FF/Latch trimming, FF/Latch <second_43> (without init value) has a constant value of 0 in block <main>. This FF/Latch will be trimmed during the optimization process.
WARNING:Xst:1895 - Due to other FF/Latch trimming, FF/Latch <second_44> (without init value) has a constant value of 0 in block <main>. This FF/Latch will be trimmed during the optimization process.
WARNING:Xst:1895 - Due to other FF/Latch trimming, FF/Latch <second_45> (without init value) has a constant value of 1 in block <main>. This FF/Latch will be trimmed during the optimization process.
WARNING:Xst:1895 - Due to other FF/Latch trimming, FF/Latch <second_46> (without init value) has a constant value of 0 in block <main>. This FF/Latch will be trimmed during the optimization process.
WARNING:Xst:1895 - Due to other FF/Latch trimming, FF/Latch <second_47> (without init value) has a constant value of 0 in block <main>. This FF/Latch will be trimmed during the optimization process.
WARNING:Xst:1895 - Due to other FF/Latch trimming, FF/Latch <second_48> (without init value) has a constant value of 0 in block <main>. This FF/Latch will be trimmed during the optimization process.
WARNING:Xst:1895 - Due to other FF/Latch trimming, FF/Latch <second_49> (without init value) has a constant value of 0 in block <main>. This FF/Latch will be trimmed during the optimization process.
WARNING:Xst:1895 - Due to other FF/Latch trimming, FF/Latch <second_50> (without init value) has a constant value of 0 in block <main>. This FF/Latch will be trimmed during the optimization process.
WARNING:Xst:1895 - Due to other FF/Latch trimming, FF/Latch <second_51> (without init value) has a constant value of 0 in block <main>. This FF/Latch will be trimmed during the optimization process.
WARNING:Xst:1895 - Due to other FF/Latch trimming, FF/Latch <second_52> (without init value) has a constant value of 0 in block <main>. This FF/Latch will be trimmed during the optimization process.
WARNING:Xst:1895 - Due to other FF/Latch trimming, FF/Latch <second_53> (without init value) has a constant value of 1 in block <main>. This FF/Latch will be trimmed during the optimization process.
WARNING:Xst:1895 - Due to other FF/Latch trimming, FF/Latch <second_54> (without init value) has a constant value of 0 in block <main>. This FF/Latch will be trimmed during the optimization process.
WARNING:Xst:1895 - Due to other FF/Latch trimming, FF/Latch <second_55> (without init value) has a constant value of 0 in block <main>. This FF/Latch will be trimmed during the optimization process.
WARNING:Xst:1895 - Due to other FF/Latch trimming, FF/Latch <second_56> (without init value) has a constant value of 0 in block <main>. This FF/Latch will be trimmed during the optimization process.
WARNING:Xst:1895 - Due to other FF/Latch trimming, FF/Latch <second_57> (without init value) has a constant value of 0 in block <main>. This FF/Latch will be trimmed during the optimization process.
WARNING:Xst:1895 - Due to other FF/Latch trimming, FF/Latch <second_58> (without init value) has a constant value of 0 in block <main>. This FF/Latch will be trimmed during the optimization process.
WARNING:Xst:1895 - Due to other FF/Latch trimming, FF/Latch <second_59> (without init value) has a constant value of 0 in block <main>. This FF/Latch will be trimmed during the optimization process.
WARNING:Xst:1895 - Due to other FF/Latch trimming, FF/Latch <second_60> (without init value) has a constant value of 0 in block <main>. This FF/Latch will be trimmed during the optimization process.
WARNING:Xst:1895 - Due to other FF/Latch trimming, FF/Latch <second_61> (without init value) has a constant value of 1 in block <main>. This FF/Latch will be trimmed during the optimization process.
WARNING:Xst:1895 - Due to other FF/Latch trimming, FF/Latch <second_62> (without init value) has a constant value of 0 in block <main>. This FF/Latch will be trimmed during the optimization process.
WARNING:Xst:1895 - Due to other FF/Latch trimming, FF/Latch <second_63> (without init value) has a constant value of 0 in block <main>. This FF/Latch will be trimmed during the optimization process.
WARNING:Xst:1895 - Due to other FF/Latch trimming, FF/Latch <second_9> (without init value) has a constant value of 0 in block <main>. This FF/Latch will be trimmed during the optimization process.
WARNING:Xst:1895 - Due to other FF/Latch trimming, FF/Latch <second_10> (without init value) has a constant value of 0 in block <main>. This FF/Latch will be trimmed during the optimization process.
WARNING:Xst:1895 - Due to other FF/Latch trimming, FF/Latch <second_11> (without init value) has a constant value of 0 in block <main>. This FF/Latch will be trimmed during the optimization process.
WARNING:Xst:1895 - Due to other FF/Latch trimming, FF/Latch <second_12> (without init value) has a constant value of 0 in block <main>. This FF/Latch will be trimmed during the optimization process.
WARNING:Xst:1895 - Due to other FF/Latch trimming, FF/Latch <second_13> (without init value) has a constant value of 1 in block <main>. This FF/Latch will be trimmed during the optimization process.
WARNING:Xst:1895 - Due to other FF/Latch trimming, FF/Latch <second_14> (without init value) has a constant value of 0 in block <main>. This FF/Latch will be trimmed during the optimization process.
WARNING:Xst:1895 - Due to other FF/Latch trimming, FF/Latch <second_15> (without init value) has a constant value of 0 in block <main>. This FF/Latch will be trimmed during the optimization process.
WARNING:Xst:1895 - Due to other FF/Latch trimming, FF/Latch <second_16> (without init value) has a constant value of 0 in block <main>. This FF/Latch will be trimmed during the optimization process.
WARNING:Xst:1895 - Due to other FF/Latch trimming, FF/Latch <second_17> (without init value) has a constant value of 0 in block <main>. This FF/Latch will be trimmed during the optimization process.
WARNING:Xst:1895 - Due to other FF/Latch trimming, FF/Latch <second_18> (without init value) has a constant value of 0 in block <main>. This FF/Latch will be trimmed during the optimization process.
WARNING:Xst:1895 - Due to other FF/Latch trimming, FF/Latch <second_19> (without init value) has a constant value of 0 in block <main>. This FF/Latch will be trimmed during the optimization process.
WARNING:Xst:1895 - Due to other FF/Latch trimming, FF/Latch <second_20> (without init value) has a constant value of 0 in block <main>. This FF/Latch will be trimmed during the optimization process.
WARNING:Xst:1895 - Due to other FF/Latch trimming, FF/Latch <second_21> (without init value) has a constant value of 1 in block <main>. This FF/Latch will be trimmed during the optimization process.
WARNING:Xst:1895 - Due to other FF/Latch trimming, FF/Latch <second_22> (without init value) has a constant value of 0 in block <main>. This FF/Latch will be trimmed during the optimization process.
WARNING:Xst:1895 - Due to other FF/Latch trimming, FF/Latch <second_23> (without init value) has a constant value of 0 in block <main>. This FF/Latch will be trimmed during the optimization process.
WARNING:Xst:1895 - Due to other FF/Latch trimming, FF/Latch <second_24> (without init value) has a constant value of 0 in block <main>. This FF/Latch will be trimmed during the optimization process.
WARNING:Xst:1895 - Due to other FF/Latch trimming, FF/Latch <second_25> (without init value) has a constant value of 0 in block <main>. This FF/Latch will be trimmed during the optimization process.
WARNING:Xst:1895 - Due to other FF/Latch trimming, FF/Latch <second_26> (without init value) has a constant value of 0 in block <main>. This FF/Latch will be trimmed during the optimization process.
WARNING:Xst:1895 - Due to other FF/Latch trimming, FF/Latch <second_27> (without init value) has a constant value of 0 in block <main>. This FF/Latch will be trimmed during the optimization process.
WARNING:Xst:1895 - Due to other FF/Latch trimming, FF/Latch <second_28> (without init value) has a constant value of 0 in block <main>. This FF/Latch will be trimmed during the optimization process.
WARNING:Xst:1895 - Due to other FF/Latch trimming, FF/Latch <second_29> (without init value) has a constant value of 1 in block <main>. This FF/Latch will be trimmed during the optimization process.
WARNING:Xst:1895 - Due to other FF/Latch trimming, FF/Latch <second_30> (without init value) has a constant value of 0 in block <main>. This FF/Latch will be trimmed during the optimization process.
WARNING:Xst:1895 - Due to other FF/Latch trimming, FF/Latch <second_31> (without init value) has a constant value of 0 in block <main>. This FF/Latch will be trimmed during the optimization process.
WARNING:Xst:1895 - Due to other FF/Latch trimming, FF/Latch <second_32> (without init value) has a constant value of 0 in block <main>. This FF/Latch will be trimmed during the optimization process.
WARNING:Xst:1895 - Due to other FF/Latch trimming, FF/Latch <second_33> (without init value) has a constant value of 0 in block <main>. This FF/Latch will be trimmed during the optimization process.
WARNING:Xst:1895 - Due to other FF/Latch trimming, FF/Latch <second_34> (without init value) has a constant value of 0 in block <main>. This FF/Latch will be trimmed during the optimization process.
WARNING:Xst:1895 - Due to other FF/Latch trimming, FF/Latch <second_35> (without init value) has a constant value of 0 in block <main>. This FF/Latch will be trimmed during the optimization process.
WARNING:Xst:1895 - Due to other FF/Latch trimming, FF/Latch <second_36> (without init value) has a constant value of 0 in block <main>. This FF/Latch will be trimmed during the optimization process.
WARNING:Xst:1895 - Due to other FF/Latch trimming, FF/Latch <second_92> (without init value) has a constant value of 0 in block <main>. This FF/Latch will be trimmed during the optimization process.
WARNING:Xst:1895 - Due to other FF/Latch trimming, FF/Latch <second_93> (without init value) has a constant value of 1 in block <main>. This FF/Latch will be trimmed during the optimization process.
WARNING:Xst:1895 - Due to other FF/Latch trimming, FF/Latch <second_94> (without init value) has a constant value of 0 in block <main>. This FF/Latch will be trimmed during the optimization process.
WARNING:Xst:1895 - Due to other FF/Latch trimming, FF/Latch <second_95> (without init value) has a constant value of 0 in block <main>. This FF/Latch will be trimmed during the optimization process.
WARNING:Xst:1895 - Due to other FF/Latch trimming, FF/Latch <second_96> (without init value) has a constant value of 0 in block <main>. This FF/Latch will be trimmed during the optimization process.
WARNING:Xst:1895 - Due to other FF/Latch trimming, FF/Latch <second_97> (without init value) has a constant value of 0 in block <main>. This FF/Latch will be trimmed during the optimization process.
WARNING:Xst:1895 - Due to other FF/Latch trimming, FF/Latch <second_98> (without init value) has a constant value of 0 in block <main>. This FF/Latch will be trimmed during the optimization process.
WARNING:Xst:1895 - Due to other FF/Latch trimming, FF/Latch <second_99> (without init value) has a constant value of 0 in block <main>. This FF/Latch will be trimmed during the optimization process.
WARNING:Xst:1895 - Due to other FF/Latch trimming, FF/Latch <second_100> (without init value) has a constant value of 0 in block <main>. This FF/Latch will be trimmed during the optimization process.
WARNING:Xst:1895 - Due to other FF/Latch trimming, FF/Latch <second_101> (without init value) has a constant value of 1 in block <main>. This FF/Latch will be trimmed during the optimization process.
WARNING:Xst:1895 - Due to other FF/Latch trimming, FF/Latch <second_102> (without init value) has a constant value of 0 in block <main>. This FF/Latch will be trimmed during the optimization process.
WARNING:Xst:1895 - Due to other FF/Latch trimming, FF/Latch <second_103> (without init value) has a constant value of 0 in block <main>. This FF/Latch will be trimmed during the optimization process.
WARNING:Xst:1895 - Due to other FF/Latch trimming, FF/Latch <second_104> (without init value) has a constant value of 0 in block <main>. This FF/Latch will be trimmed during the optimization process.
WARNING:Xst:1895 - Due to other FF/Latch trimming, FF/Latch <second_105> (without init value) has a constant value of 0 in block <main>. This FF/Latch will be trimmed during the optimization process.
WARNING:Xst:1895 - Due to other FF/Latch trimming, FF/Latch <second_106> (without init value) has a constant value of 0 in block <main>. This FF/Latch will be trimmed during the optimization process.
WARNING:Xst:1895 - Due to other FF/Latch trimming, FF/Latch <second_107> (without init value) has a constant value of 0 in block <main>. This FF/Latch will be trimmed during the optimization process.
WARNING:Xst:1895 - Due to other FF/Latch trimming, FF/Latch <second_108> (without init value) has a constant value of 0 in block <main>. This FF/Latch will be trimmed during the optimization process.
WARNING:Xst:1895 - Due to other FF/Latch trimming, FF/Latch <second_109> (without init value) has a constant value of 1 in block <main>. This FF/Latch will be trimmed during the optimization process.
WARNING:Xst:1895 - Due to other FF/Latch trimming, FF/Latch <second_110> (without init value) has a constant value of 0 in block <main>. This FF/Latch will be trimmed during the optimization process.
WARNING:Xst:1895 - Due to other FF/Latch trimming, FF/Latch <second_111> (without init value) has a constant value of 0 in block <main>. This FF/Latch will be trimmed during the optimization process.
WARNING:Xst:1895 - Due to other FF/Latch trimming, FF/Latch <second_112> (without init value) has a constant value of 0 in block <main>. This FF/Latch will be trimmed during the optimization process.
WARNING:Xst:1895 - Due to other FF/Latch trimming, FF/Latch <second_113> (without init value) has a constant value of 0 in block <main>. This FF/Latch will be trimmed during the optimization process.
WARNING:Xst:1895 - Due to other FF/Latch trimming, FF/Latch <second_114> (without init value) has a constant value of 0 in block <main>. This FF/Latch will be trimmed during the optimization process.
WARNING:Xst:1895 - Due to other FF/Latch trimming, FF/Latch <second_115> (without init value) has a constant value of 0 in block <main>. This FF/Latch will be trimmed during the optimization process.
WARNING:Xst:1895 - Due to other FF/Latch trimming, FF/Latch <second_116> (without init value) has a constant value of 0 in block <main>. This FF/Latch will be trimmed during the optimization process.
WARNING:Xst:1895 - Due to other FF/Latch trimming, FF/Latch <second_117> (without init value) has a constant value of 1 in block <main>. This FF/Latch will be trimmed during the optimization process.
WARNING:Xst:1895 - Due to other FF/Latch trimming, FF/Latch <second_118> (without init value) has a constant value of 0 in block <main>. This FF/Latch will be trimmed during the optimization process.
WARNING:Xst:1895 - Due to other FF/Latch trimming, FF/Latch <second_119> (without init value) has a constant value of 0 in block <main>. This FF/Latch will be trimmed during the optimization process.
WARNING:Xst:1895 - Due to other FF/Latch trimming, FF/Latch <second_64> (without init value) has a constant value of 0 in block <main>. This FF/Latch will be trimmed during the optimization process.
WARNING:Xst:1895 - Due to other FF/Latch trimming, FF/Latch <second_65> (without init value) has a constant value of 0 in block <main>. This FF/Latch will be trimmed during the optimization process.
WARNING:Xst:1895 - Due to other FF/Latch trimming, FF/Latch <second_66> (without init value) has a constant value of 0 in block <main>. This FF/Latch will be trimmed during the optimization process.
WARNING:Xst:1895 - Due to other FF/Latch trimming, FF/Latch <second_67> (without init value) has a constant value of 0 in block <main>. This FF/Latch will be trimmed during the optimization process.
WARNING:Xst:1895 - Due to other FF/Latch trimming, FF/Latch <second_68> (without init value) has a constant value of 0 in block <main>. This FF/Latch will be trimmed during the optimization process.
WARNING:Xst:1895 - Due to other FF/Latch trimming, FF/Latch <second_69> (without init value) has a constant value of 1 in block <main>. This FF/Latch will be trimmed during the optimization process.
WARNING:Xst:1895 - Due to other FF/Latch trimming, FF/Latch <second_70> (without init value) has a constant value of 0 in block <main>. This FF/Latch will be trimmed during the optimization process.
WARNING:Xst:1895 - Due to other FF/Latch trimming, FF/Latch <second_71> (without init value) has a constant value of 0 in block <main>. This FF/Latch will be trimmed during the optimization process.
WARNING:Xst:1895 - Due to other FF/Latch trimming, FF/Latch <second_72> (without init value) has a constant value of 0 in block <main>. This FF/Latch will be trimmed during the optimization process.
WARNING:Xst:1895 - Due to other FF/Latch trimming, FF/Latch <second_73> (without init value) has a constant value of 0 in block <main>. This FF/Latch will be trimmed during the optimization process.
WARNING:Xst:1895 - Due to other FF/Latch trimming, FF/Latch <second_74> (without init value) has a constant value of 0 in block <main>. This FF/Latch will be trimmed during the optimization process.
WARNING:Xst:1895 - Due to other FF/Latch trimming, FF/Latch <second_75> (without init value) has a constant value of 0 in block <main>. This FF/Latch will be trimmed during the optimization process.
WARNING:Xst:1895 - Due to other FF/Latch trimming, FF/Latch <second_76> (without init value) has a constant value of 0 in block <main>. This FF/Latch will be trimmed during the optimization process.
WARNING:Xst:1895 - Due to other FF/Latch trimming, FF/Latch <second_77> (without init value) has a constant value of 1 in block <main>. This FF/Latch will be trimmed during the optimization process.
WARNING:Xst:1895 - Due to other FF/Latch trimming, FF/Latch <second_78> (without init value) has a constant value of 0 in block <main>. This FF/Latch will be trimmed during the optimization process.
WARNING:Xst:1895 - Due to other FF/Latch trimming, FF/Latch <second_79> (without init value) has a constant value of 0 in block <main>. This FF/Latch will be trimmed during the optimization process.
WARNING:Xst:1895 - Due to other FF/Latch trimming, FF/Latch <second_80> (without init value) has a constant value of 0 in block <main>. This FF/Latch will be trimmed during the optimization process.
WARNING:Xst:1895 - Due to other FF/Latch trimming, FF/Latch <second_81> (without init value) has a constant value of 0 in block <main>. This FF/Latch will be trimmed during the optimization process.
WARNING:Xst:1895 - Due to other FF/Latch trimming, FF/Latch <second_82> (without init value) has a constant value of 0 in block <main>. This FF/Latch will be trimmed during the optimization process.
WARNING:Xst:1895 - Due to other FF/Latch trimming, FF/Latch <second_83> (without init value) has a constant value of 0 in block <main>. This FF/Latch will be trimmed during the optimization process.
WARNING:Xst:1895 - Due to other FF/Latch trimming, FF/Latch <second_84> (without init value) has a constant value of 0 in block <main>. This FF/Latch will be trimmed during the optimization process.
WARNING:Xst:1895 - Due to other FF/Latch trimming, FF/Latch <second_85> (without init value) has a constant value of 1 in block <main>. This FF/Latch will be trimmed during the optimization process.
WARNING:Xst:1895 - Due to other FF/Latch trimming, FF/Latch <second_86> (without init value) has a constant value of 0 in block <main>. This FF/Latch will be trimmed during the optimization process.
WARNING:Xst:1895 - Due to other FF/Latch trimming, FF/Latch <second_87> (without init value) has a constant value of 0 in block <main>. This FF/Latch will be trimmed during the optimization process.
WARNING:Xst:1895 - Due to other FF/Latch trimming, FF/Latch <second_88> (without init value) has a constant value of 0 in block <main>. This FF/Latch will be trimmed during the optimization process.
WARNING:Xst:1895 - Due to other FF/Latch trimming, FF/Latch <second_89> (without init value) has a constant value of 0 in block <main>. This FF/Latch will be trimmed during the optimization process.
WARNING:Xst:1895 - Due to other FF/Latch trimming, FF/Latch <second_90> (without init value) has a constant value of 0 in block <main>. This FF/Latch will be trimmed during the optimization process.
WARNING:Xst:1895 - Due to other FF/Latch trimming, FF/Latch <second_91> (without init value) has a constant value of 0 in block <main>. This FF/Latch will be trimmed during the optimization process.
WARNING:Xst:1895 - Due to other FF/Latch trimming, FF/Latch <first_28> (without init value) has a constant value of 0 in block <main>. This FF/Latch will be trimmed during the optimization process.
WARNING:Xst:1895 - Due to other FF/Latch trimming, FF/Latch <first_29> (without init value) has a constant value of 1 in block <main>. This FF/Latch will be trimmed during the optimization process.
WARNING:Xst:1895 - Due to other FF/Latch trimming, FF/Latch <first_30> (without init value) has a constant value of 0 in block <main>. This FF/Latch will be trimmed during the optimization process.
WARNING:Xst:1895 - Due to other FF/Latch trimming, FF/Latch <first_31> (without init value) has a constant value of 0 in block <main>. This FF/Latch will be trimmed during the optimization process.
WARNING:Xst:1895 - Due to other FF/Latch trimming, FF/Latch <first_32> (without init value) has a constant value of 0 in block <main>. This FF/Latch will be trimmed during the optimization process.
WARNING:Xst:1895 - Due to other FF/Latch trimming, FF/Latch <first_33> (without init value) has a constant value of 0 in block <main>. This FF/Latch will be trimmed during the optimization process.
WARNING:Xst:1895 - Due to other FF/Latch trimming, FF/Latch <first_34> (without init value) has a constant value of 0 in block <main>. This FF/Latch will be trimmed during the optimization process.
WARNING:Xst:1895 - Due to other FF/Latch trimming, FF/Latch <first_35> (without init value) has a constant value of 0 in block <main>. This FF/Latch will be trimmed during the optimization process.
WARNING:Xst:1895 - Due to other FF/Latch trimming, FF/Latch <first_36> (without init value) has a constant value of 0 in block <main>. This FF/Latch will be trimmed during the optimization process.
WARNING:Xst:1895 - Due to other FF/Latch trimming, FF/Latch <first_37> (without init value) has a constant value of 1 in block <main>. This FF/Latch will be trimmed during the optimization process.
WARNING:Xst:1895 - Due to other FF/Latch trimming, FF/Latch <first_38> (without init value) has a constant value of 0 in block <main>. This FF/Latch will be trimmed during the optimization process.
WARNING:Xst:1895 - Due to other FF/Latch trimming, FF/Latch <first_39> (without init value) has a constant value of 0 in block <main>. This FF/Latch will be trimmed during the optimization process.
WARNING:Xst:1895 - Due to other FF/Latch trimming, FF/Latch <first_40> (without init value) has a constant value of 0 in block <main>. This FF/Latch will be trimmed during the optimization process.
WARNING:Xst:1895 - Due to other FF/Latch trimming, FF/Latch <first_41> (without init value) has a constant value of 0 in block <main>. This FF/Latch will be trimmed during the optimization process.
WARNING:Xst:1895 - Due to other FF/Latch trimming, FF/Latch <first_42> (without init value) has a constant value of 0 in block <main>. This FF/Latch will be trimmed during the optimization process.
WARNING:Xst:1895 - Due to other FF/Latch trimming, FF/Latch <first_43> (without init value) has a constant value of 0 in block <main>. This FF/Latch will be trimmed during the optimization process.
WARNING:Xst:1895 - Due to other FF/Latch trimming, FF/Latch <first_44> (without init value) has a constant value of 0 in block <main>. This FF/Latch will be trimmed during the optimization process.
WARNING:Xst:1895 - Due to other FF/Latch trimming, FF/Latch <first_45> (without init value) has a constant value of 1 in block <main>. This FF/Latch will be trimmed during the optimization process.
WARNING:Xst:1895 - Due to other FF/Latch trimming, FF/Latch <first_46> (without init value) has a constant value of 0 in block <main>. This FF/Latch will be trimmed during the optimization process.
WARNING:Xst:1895 - Due to other FF/Latch trimming, FF/Latch <first_47> (without init value) has a constant value of 0 in block <main>. This FF/Latch will be trimmed during the optimization process.
WARNING:Xst:1895 - Due to other FF/Latch trimming, FF/Latch <first_54> (without init value) has a constant value of 0 in block <main>. This FF/Latch will be trimmed during the optimization process.
WARNING:Xst:1895 - Due to other FF/Latch trimming, FF/Latch <first_55> (without init value) has a constant value of 0 in block <main>. This FF/Latch will be trimmed during the optimization process.
WARNING:Xst:1895 - Due to other FF/Latch trimming, FF/Latch <first_56> (without init value) has a constant value of 0 in block <main>. This FF/Latch will be trimmed during the optimization process.
WARNING:Xst:1895 - Due to other FF/Latch trimming, FF/Latch <first_57> (without init value) has a constant value of 0 in block <main>. This FF/Latch will be trimmed during the optimization process.
WARNING:Xst:1895 - Due to other FF/Latch trimming, FF/Latch <first_58> (without init value) has a constant value of 0 in block <main>. This FF/Latch will be trimmed during the optimization process.
WARNING:Xst:1895 - Due to other FF/Latch trimming, FF/Latch <first_59> (without init value) has a constant value of 0 in block <main>. This FF/Latch will be trimmed during the optimization process.
WARNING:Xst:1895 - Due to other FF/Latch trimming, FF/Latch <first_60> (without init value) has a constant value of 0 in block <main>. This FF/Latch will be trimmed during the optimization process.
WARNING:Xst:1895 - Due to other FF/Latch trimming, FF/Latch <first_0> (without init value) has a constant value of 0 in block <main>. This FF/Latch will be trimmed during the optimization process.
WARNING:Xst:1895 - Due to other FF/Latch trimming, FF/Latch <first_1> (without init value) has a constant value of 0 in block <main>. This FF/Latch will be trimmed during the optimization process.
WARNING:Xst:1895 - Due to other FF/Latch trimming, FF/Latch <first_2> (without init value) has a constant value of 0 in block <main>. This FF/Latch will be trimmed during the optimization process.
WARNING:Xst:1895 - Due to other FF/Latch trimming, FF/Latch <first_3> (without init value) has a constant value of 0 in block <main>. This FF/Latch will be trimmed during the optimization process.
WARNING:Xst:1895 - Due to other FF/Latch trimming, FF/Latch <first_4> (without init value) has a constant value of 0 in block <main>. This FF/Latch will be trimmed during the optimization process.
WARNING:Xst:1895 - Due to other FF/Latch trimming, FF/Latch <first_5> (without init value) has a constant value of 1 in block <main>. This FF/Latch will be trimmed during the optimization process.
WARNING:Xst:1895 - Due to other FF/Latch trimming, FF/Latch <first_6> (without init value) has a constant value of 0 in block <main>. This FF/Latch will be trimmed during the optimization process.
WARNING:Xst:1895 - Due to other FF/Latch trimming, FF/Latch <first_7> (without init value) has a constant value of 0 in block <main>. This FF/Latch will be trimmed during the optimization process.
WARNING:Xst:1895 - Due to other FF/Latch trimming, FF/Latch <first_8> (without init value) has a constant value of 0 in block <main>. This FF/Latch will be trimmed during the optimization process.
WARNING:Xst:1895 - Due to other FF/Latch trimming, FF/Latch <first_9> (without init value) has a constant value of 0 in block <main>. This FF/Latch will be trimmed during the optimization process.
WARNING:Xst:1895 - Due to other FF/Latch trimming, FF/Latch <first_10> (without init value) has a constant value of 0 in block <main>. This FF/Latch will be trimmed during the optimization process.
WARNING:Xst:1895 - Due to other FF/Latch trimming, FF/Latch <first_11> (without init value) has a constant value of 0 in block <main>. This FF/Latch will be trimmed during the optimization process.
WARNING:Xst:1895 - Due to other FF/Latch trimming, FF/Latch <first_12> (without init value) has a constant value of 0 in block <main>. This FF/Latch will be trimmed during the optimization process.
WARNING:Xst:1895 - Due to other FF/Latch trimming, FF/Latch <first_13> (without init value) has a constant value of 1 in block <main>. This FF/Latch will be trimmed during the optimization process.
WARNING:Xst:1895 - Due to other FF/Latch trimming, FF/Latch <first_14> (without init value) has a constant value of 0 in block <main>. This FF/Latch will be trimmed during the optimization process.
WARNING:Xst:1895 - Due to other FF/Latch trimming, FF/Latch <first_15> (without init value) has a constant value of 0 in block <main>. This FF/Latch will be trimmed during the optimization process.
WARNING:Xst:1895 - Due to other FF/Latch trimming, FF/Latch <first_16> (without init value) has a constant value of 0 in block <main>. This FF/Latch will be trimmed during the optimization process.
WARNING:Xst:1895 - Due to other FF/Latch trimming, FF/Latch <first_17> (without init value) has a constant value of 0 in block <main>. This FF/Latch will be trimmed during the optimization process.
WARNING:Xst:1895 - Due to other FF/Latch trimming, FF/Latch <first_18> (without init value) has a constant value of 0 in block <main>. This FF/Latch will be trimmed during the optimization process.
WARNING:Xst:1895 - Due to other FF/Latch trimming, FF/Latch <first_19> (without init value) has a constant value of 0 in block <main>. This FF/Latch will be trimmed during the optimization process.
WARNING:Xst:1895 - Due to other FF/Latch trimming, FF/Latch <first_20> (without init value) has a constant value of 0 in block <main>. This FF/Latch will be trimmed during the optimization process.
WARNING:Xst:1895 - Due to other FF/Latch trimming, FF/Latch <first_21> (without init value) has a constant value of 1 in block <main>. This FF/Latch will be trimmed during the optimization process.
WARNING:Xst:1895 - Due to other FF/Latch trimming, FF/Latch <first_22> (without init value) has a constant value of 0 in block <main>. This FF/Latch will be trimmed during the optimization process.
WARNING:Xst:1895 - Due to other FF/Latch trimming, FF/Latch <first_23> (without init value) has a constant value of 0 in block <main>. This FF/Latch will be trimmed during the optimization process.
WARNING:Xst:1895 - Due to other FF/Latch trimming, FF/Latch <first_24> (without init value) has a constant value of 0 in block <main>. This FF/Latch will be trimmed during the optimization process.
WARNING:Xst:1895 - Due to other FF/Latch trimming, FF/Latch <first_25> (without init value) has a constant value of 0 in block <main>. This FF/Latch will be trimmed during the optimization process.
WARNING:Xst:1895 - Due to other FF/Latch trimming, FF/Latch <first_26> (without init value) has a constant value of 0 in block <main>. This FF/Latch will be trimmed during the optimization process.
WARNING:Xst:1895 - Due to other FF/Latch trimming, FF/Latch <first_27> (without init value) has a constant value of 0 in block <main>. This FF/Latch will be trimmed during the optimization process.
WARNING:Xst:1895 - Due to other FF/Latch trimming, FF/Latch <first_95> (without init value) has a constant value of 0 in block <main>. This FF/Latch will be trimmed during the optimization process.
WARNING:Xst:1895 - Due to other FF/Latch trimming, FF/Latch <first_102> (without init value) has a constant value of 0 in block <main>. This FF/Latch will be trimmed during the optimization process.
WARNING:Xst:1895 - Due to other FF/Latch trimming, FF/Latch <first_103> (without init value) has a constant value of 0 in block <main>. This FF/Latch will be trimmed during the optimization process.
WARNING:Xst:1895 - Due to other FF/Latch trimming, FF/Latch <first_104> (without init value) has a constant value of 0 in block <main>. This FF/Latch will be trimmed during the optimization process.
WARNING:Xst:1895 - Due to other FF/Latch trimming, FF/Latch <first_105> (without init value) has a constant value of 0 in block <main>. This FF/Latch will be trimmed during the optimization process.
WARNING:Xst:1895 - Due to other FF/Latch trimming, FF/Latch <first_106> (without init value) has a constant value of 0 in block <main>. This FF/Latch will be trimmed during the optimization process.
WARNING:Xst:1895 - Due to other FF/Latch trimming, FF/Latch <first_107> (without init value) has a constant value of 0 in block <main>. This FF/Latch will be trimmed during the optimization process.
WARNING:Xst:1895 - Due to other FF/Latch trimming, FF/Latch <first_108> (without init value) has a constant value of 0 in block <main>. This FF/Latch will be trimmed during the optimization process.
WARNING:Xst:1895 - Due to other FF/Latch trimming, FF/Latch <first_109> (without init value) has a constant value of 1 in block <main>. This FF/Latch will be trimmed during the optimization process.
WARNING:Xst:1895 - Due to other FF/Latch trimming, FF/Latch <first_110> (without init value) has a constant value of 0 in block <main>. This FF/Latch will be trimmed during the optimization process.
WARNING:Xst:1895 - Due to other FF/Latch trimming, FF/Latch <first_111> (without init value) has a constant value of 0 in block <main>. This FF/Latch will be trimmed during the optimization process.
WARNING:Xst:1895 - Due to other FF/Latch trimming, FF/Latch <first_112> (without init value) has a constant value of 0 in block <main>. This FF/Latch will be trimmed during the optimization process.
WARNING:Xst:1895 - Due to other FF/Latch trimming, FF/Latch <first_113> (without init value) has a constant value of 0 in block <main>. This FF/Latch will be trimmed during the optimization process.
WARNING:Xst:1895 - Due to other FF/Latch trimming, FF/Latch <first_114> (without init value) has a constant value of 1 in block <main>. This FF/Latch will be trimmed during the optimization process.
WARNING:Xst:1895 - Due to other FF/Latch trimming, FF/Latch <first_115> (without init value) has a constant value of 1 in block <main>. This FF/Latch will be trimmed during the optimization process.
WARNING:Xst:1895 - Due to other FF/Latch trimming, FF/Latch <first_116> (without init value) has a constant value of 0 in block <main>. This FF/Latch will be trimmed during the optimization process.
WARNING:Xst:1895 - Due to other FF/Latch trimming, FF/Latch <first_117> (without init value) has a constant value of 1 in block <main>. This FF/Latch will be trimmed during the optimization process.
WARNING:Xst:1895 - Due to other FF/Latch trimming, FF/Latch <first_118> (without init value) has a constant value of 0 in block <main>. This FF/Latch will be trimmed during the optimization process.
WARNING:Xst:1895 - Due to other FF/Latch trimming, FF/Latch <first_119> (without init value) has a constant value of 0 in block <main>. This FF/Latch will be trimmed during the optimization process.
WARNING:Xst:1895 - Due to other FF/Latch trimming, FF/Latch <second_0> (without init value) has a constant value of 0 in block <main>. This FF/Latch will be trimmed during the optimization process.
WARNING:Xst:1895 - Due to other FF/Latch trimming, FF/Latch <second_1> (without init value) has a constant value of 0 in block <main>. This FF/Latch will be trimmed during the optimization process.
WARNING:Xst:1895 - Due to other FF/Latch trimming, FF/Latch <second_2> (without init value) has a constant value of 0 in block <main>. This FF/Latch will be trimmed during the optimization process.
WARNING:Xst:1895 - Due to other FF/Latch trimming, FF/Latch <second_3> (without init value) has a constant value of 0 in block <main>. This FF/Latch will be trimmed during the optimization process.
WARNING:Xst:1895 - Due to other FF/Latch trimming, FF/Latch <second_4> (without init value) has a constant value of 0 in block <main>. This FF/Latch will be trimmed during the optimization process.
WARNING:Xst:1895 - Due to other FF/Latch trimming, FF/Latch <second_5> (without init value) has a constant value of 1 in block <main>. This FF/Latch will be trimmed during the optimization process.
WARNING:Xst:1895 - Due to other FF/Latch trimming, FF/Latch <second_6> (without init value) has a constant value of 0 in block <main>. This FF/Latch will be trimmed during the optimization process.
WARNING:Xst:1895 - Due to other FF/Latch trimming, FF/Latch <second_7> (without init value) has a constant value of 0 in block <main>. This FF/Latch will be trimmed during the optimization process.
WARNING:Xst:1895 - Due to other FF/Latch trimming, FF/Latch <second_8> (without init value) has a constant value of 0 in block <main>. This FF/Latch will be trimmed during the optimization process.
WARNING:Xst:1895 - Due to other FF/Latch trimming, FF/Latch <first_61> (without init value) has a constant value of 1 in block <main>. This FF/Latch will be trimmed during the optimization process.
WARNING:Xst:1895 - Due to other FF/Latch trimming, FF/Latch <first_62> (without init value) has a constant value of 0 in block <main>. This FF/Latch will be trimmed during the optimization process.
WARNING:Xst:1895 - Due to other FF/Latch trimming, FF/Latch <first_63> (without init value) has a constant value of 0 in block <main>. This FF/Latch will be trimmed during the optimization process.
WARNING:Xst:1895 - Due to other FF/Latch trimming, FF/Latch <first_64> (without init value) has a constant value of 0 in block <main>. This FF/Latch will be trimmed during the optimization process.
WARNING:Xst:1895 - Due to other FF/Latch trimming, FF/Latch <first_65> (without init value) has a constant value of 0 in block <main>. This FF/Latch will be trimmed during the optimization process.
WARNING:Xst:1895 - Due to other FF/Latch trimming, FF/Latch <first_66> (without init value) has a constant value of 1 in block <main>. This FF/Latch will be trimmed during the optimization process.
WARNING:Xst:1895 - Due to other FF/Latch trimming, FF/Latch <first_67> (without init value) has a constant value of 1 in block <main>. This FF/Latch will be trimmed during the optimization process.
WARNING:Xst:1895 - Due to other FF/Latch trimming, FF/Latch <first_68> (without init value) has a constant value of 0 in block <main>. This FF/Latch will be trimmed during the optimization process.
WARNING:Xst:1895 - Due to other FF/Latch trimming, FF/Latch <first_69> (without init value) has a constant value of 1 in block <main>. This FF/Latch will be trimmed during the optimization process.
WARNING:Xst:1895 - Due to other FF/Latch trimming, FF/Latch <first_70> (without init value) has a constant value of 0 in block <main>. This FF/Latch will be trimmed during the optimization process.
WARNING:Xst:1895 - Due to other FF/Latch trimming, FF/Latch <first_71> (without init value) has a constant value of 0 in block <main>. This FF/Latch will be trimmed during the optimization process.
WARNING:Xst:1895 - Due to other FF/Latch trimming, FF/Latch <first_78> (without init value) has a constant value of 0 in block <main>. This FF/Latch will be trimmed during the optimization process.
WARNING:Xst:1895 - Due to other FF/Latch trimming, FF/Latch <first_79> (without init value) has a constant value of 0 in block <main>. This FF/Latch will be trimmed during the optimization process.
WARNING:Xst:1895 - Due to other FF/Latch trimming, FF/Latch <first_80> (without init value) has a constant value of 0 in block <main>. This FF/Latch will be trimmed during the optimization process.
WARNING:Xst:1895 - Due to other FF/Latch trimming, FF/Latch <first_81> (without init value) has a constant value of 0 in block <main>. This FF/Latch will be trimmed during the optimization process.
WARNING:Xst:1895 - Due to other FF/Latch trimming, FF/Latch <first_82> (without init value) has a constant value of 0 in block <main>. This FF/Latch will be trimmed during the optimization process.
WARNING:Xst:1895 - Due to other FF/Latch trimming, FF/Latch <first_83> (without init value) has a constant value of 0 in block <main>. This FF/Latch will be trimmed during the optimization process.
WARNING:Xst:1895 - Due to other FF/Latch trimming, FF/Latch <first_84> (without init value) has a constant value of 0 in block <main>. This FF/Latch will be trimmed during the optimization process.
WARNING:Xst:1895 - Due to other FF/Latch trimming, FF/Latch <first_85> (without init value) has a constant value of 1 in block <main>. This FF/Latch will be trimmed during the optimization process.
WARNING:Xst:1895 - Due to other FF/Latch trimming, FF/Latch <first_86> (without init value) has a constant value of 0 in block <main>. This FF/Latch will be trimmed during the optimization process.
WARNING:Xst:1895 - Due to other FF/Latch trimming, FF/Latch <first_87> (without init value) has a constant value of 0 in block <main>. This FF/Latch will be trimmed during the optimization process.
WARNING:Xst:1895 - Due to other FF/Latch trimming, FF/Latch <first_88> (without init value) has a constant value of 0 in block <main>. This FF/Latch will be trimmed during the optimization process.
WARNING:Xst:1895 - Due to other FF/Latch trimming, FF/Latch <first_89> (without init value) has a constant value of 0 in block <main>. This FF/Latch will be trimmed during the optimization process.
WARNING:Xst:1895 - Due to other FF/Latch trimming, FF/Latch <first_90> (without init value) has a constant value of 1 in block <main>. This FF/Latch will be trimmed during the optimization process.
WARNING:Xst:1895 - Due to other FF/Latch trimming, FF/Latch <first_91> (without init value) has a constant value of 1 in block <main>. This FF/Latch will be trimmed during the optimization process.
WARNING:Xst:1895 - Due to other FF/Latch trimming, FF/Latch <first_92> (without init value) has a constant value of 0 in block <main>. This FF/Latch will be trimmed during the optimization process.
WARNING:Xst:1895 - Due to other FF/Latch trimming, FF/Latch <first_93> (without init value) has a constant value of 1 in block <main>. This FF/Latch will be trimmed during the optimization process.
WARNING:Xst:1895 - Due to other FF/Latch trimming, FF/Latch <first_94> (without init value) has a constant value of 0 in block <main>. This FF/Latch will be trimmed during the optimization process.
WARNING:Xst:1710 - FF/Latch <d1_5> (without init value) has a constant value of 1 in block <main>. This FF/Latch will be trimmed during the optimization process.
WARNING:Xst:1895 - Due to other FF/Latch trimming, FF/Latch <d1_4> (without init value) has a constant value of 1 in block <main>. This FF/Latch will be trimmed during the optimization process.
WARNING:Xst:1895 - Due to other FF/Latch trimming, FF/Latch <d1_3> (without init value) has a constant value of 0 in block <main>. This FF/Latch will be trimmed during the optimization process.
WARNING:Xst:1895 - Due to other FF/Latch trimming, FF/Latch <c1_5> (without init value) has a constant value of 1 in block <main>. This FF/Latch will be trimmed during the optimization process.
WARNING:Xst:1895 - Due to other FF/Latch trimming, FF/Latch <c1_4> (without init value) has a constant value of 1 in block <main>. This FF/Latch will be trimmed during the optimization process.
WARNING:Xst:1895 - Due to other FF/Latch trimming, FF/Latch <c1_3> (without init value) has a constant value of 0 in block <main>. This FF/Latch will be trimmed during the optimization process.
WARNING:Xst:1895 - Due to other FF/Latch trimming, FF/Latch <e1_5> (without init value) has a constant value of 1 in block <main>. This FF/Latch will be trimmed during the optimization process.
WARNING:Xst:1895 - Due to other FF/Latch trimming, FF/Latch <e1_4> (without init value) has a constant value of 1 in block <main>. This FF/Latch will be trimmed during the optimization process.
WARNING:Xst:1895 - Due to other FF/Latch trimming, FF/Latch <e1_3> (without init value) has a constant value of 0 in block <main>. This FF/Latch will be trimmed during the optimization process.
WARNING:Xst:1895 - Due to other FF/Latch trimming, FF/Latch <e1_2> (without init value) has a constant value of 0 in block <main>. This FF/Latch will be trimmed during the optimization process.
WARNING:Xst:1895 - Due to other FF/Latch trimming, FF/Latch <b1_5> (without init value) has a constant value of 1 in block <main>. This FF/Latch will be trimmed during the optimization process.
WARNING:Xst:1895 - Due to other FF/Latch trimming, FF/Latch <b1_4> (without init value) has a constant value of 1 in block <main>. This FF/Latch will be trimmed during the optimization process.
WARNING:Xst:1895 - Due to other FF/Latch trimming, FF/Latch <b1_3> (without init value) has a constant value of 0 in block <main>. This FF/Latch will be trimmed during the optimization process.
WARNING:Xst:1895 - Due to other FF/Latch trimming, FF/Latch <a1_5> (without init value) has a constant value of 1 in block <main>. This FF/Latch will be trimmed during the optimization process.
WARNING:Xst:1895 - Due to other FF/Latch trimming, FF/Latch <a1_4> (without init value) has a constant value of 1 in block <main>. This FF/Latch will be trimmed during the optimization process.
WARNING:Xst:1895 - Due to other FF/Latch trimming, FF/Latch <a1_3> (without init value) has a constant value of 0 in block <main>. This FF/Latch will be trimmed during the optimization process.
WARNING:Xst:1895 - Due to other FF/Latch trimming, FF/Latch <second_125> (without init value) has a constant value of 1 in block <main>. This FF/Latch will be trimmed during the optimization process.
WARNING:Xst:1895 - Due to other FF/Latch trimming, FF/Latch <second_124> (without init value) has a constant value of 1 in block <main>. This FF/Latch will be trimmed during the optimization process.
WARNING:Xst:1895 - Due to other FF/Latch trimming, FF/Latch <second_123> (without init value) has a constant value of 0 in block <main>. This FF/Latch will be trimmed during the optimization process.
WARNING:Xst:1895 - Due to other FF/Latch trimming, FF/Latch <second_122> (without init value) has a constant value of 0 in block <main>. This FF/Latch will be trimmed during the optimization process.
WARNING:Xst:1895 - Due to other FF/Latch trimming, FF/Latch <first_125> (without init value) has a constant value of 1 in block <main>. This FF/Latch will be trimmed during the optimization process.
WARNING:Xst:1895 - Due to other FF/Latch trimming, FF/Latch <first_124> (without init value) has a constant value of 1 in block <main>. This FF/Latch will be trimmed during the optimization process.
WARNING:Xst:1895 - Due to other FF/Latch trimming, FF/Latch <first_123> (without init value) has a constant value of 0 in block <main>. This FF/Latch will be trimmed during the optimization process.
WARNING:Xst:1895 - Due to other FF/Latch trimming, FF/Latch <first_101> (without init value) has a constant value of 1 in block <main>. This FF/Latch will be trimmed during the optimization process.
WARNING:Xst:1895 - Due to other FF/Latch trimming, FF/Latch <first_100> (without init value) has a constant value of 1 in block <main>. This FF/Latch will be trimmed during the optimization process.
WARNING:Xst:1895 - Due to other FF/Latch trimming, FF/Latch <first_99> (without init value) has a constant value of 0 in block <main>. This FF/Latch will be trimmed during the optimization process.
WARNING:Xst:1895 - Due to other FF/Latch trimming, FF/Latch <first_77> (without init value) has a constant value of 1 in block <main>. This FF/Latch will be trimmed during the optimization process.
WARNING:Xst:1895 - Due to other FF/Latch trimming, FF/Latch <first_76> (without init value) has a constant value of 1 in block <main>. This FF/Latch will be trimmed during the optimization process.
WARNING:Xst:1895 - Due to other FF/Latch trimming, FF/Latch <first_75> (without init value) has a constant value of 0 in block <main>. This FF/Latch will be trimmed during the optimization process.
WARNING:Xst:1895 - Due to other FF/Latch trimming, FF/Latch <first_53> (without init value) has a constant value of 1 in block <main>. This FF/Latch will be trimmed during the optimization process.
WARNING:Xst:1895 - Due to other FF/Latch trimming, FF/Latch <first_52> (without init value) has a constant value of 1 in block <main>. This FF/Latch will be trimmed during the optimization process.
WARNING:Xst:1895 - Due to other FF/Latch trimming, FF/Latch <first_51> (without init value) has a constant value of 0 in block <main>. This FF/Latch will be trimmed during the optimization process.
WARNING:Xst:2677 - Node <pos_7> of sequential type is unconnected in block <driver>.
WARNING:Xst:2677 - Node <pos_8> of sequential type is unconnected in block <driver>.
WARNING:Xst:2677 - Node <pos1_7> of sequential type is unconnected in block <driver>.
WARNING:Xst:2677 - Node <pos1_8> of sequential type is unconnected in block <driver>.

Optimizing unit <top> ...

Optimizing unit <main> ...

Optimizing unit <driver> ...
WARNING:Xst:1293 - FF/Latch <pos_0> has a constant value of 1 in block <driver>. This FF/Latch will be trimmed during the optimization process.
WARNING:Xst:1896 - Due to other FF/Latch trimming, FF/Latch <pos_1> has a constant value of 1 in block <driver>. This FF/Latch will be trimmed during the optimization process.
WARNING:Xst:1896 - Due to other FF/Latch trimming, FF/Latch <pos1_0> has a constant value of 1 in block <driver>. This FF/Latch will be trimmed during the optimization process.
WARNING:Xst:1896 - Due to other FF/Latch trimming, FF/Latch <pos1_1> has a constant value of 1 in block <driver>. This FF/Latch will be trimmed during the optimization process.
WARNING:Xst:1293 - FF/Latch <temp_2> has a constant value of 0 in block <driver>. This FF/Latch will be trimmed during the optimization process.

Mapping all equations...
Building and optimizing final netlist ...
Found area constraint ratio of 100 (+ 5) on block top, actual ratio is 3.

Final Macro Processing ...

=========================================================================
Final Register Report

Macro Statistics
# Registers                                            : 108
 Flip-Flops                                            : 108

=========================================================================

=========================================================================
*                           Partition Report                            *
=========================================================================

Partition Implementation Status
-------------------------------

  No Partitions were found in this design.

-------------------------------

=========================================================================
*                            Final Report                               *
=========================================================================
Final Results
RTL Top Level Output File Name     : top.ngr
Top Level Output File Name         : top
Output Format                      : NGC
Optimization Goal                  : Speed
Keep Hierarchy                     : No

Design Statistics
# IOs                              : 13

Cell Usage :
# BELS                             : 410
#      GND                         : 1
#      INV                         : 1
#      LUT1                        : 25
#      LUT2                        : 21
#      LUT2_D                      : 4
#      LUT2_L                      : 3
#      LUT3                        : 31
#      LUT3_D                      : 13
#      LUT3_L                      : 5
#      LUT4                        : 141
#      LUT4_D                      : 18
#      LUT4_L                      : 27
#      MUXCY                       : 57
#      MUXF5                       : 10
#      VCC                         : 1
#      XORCY                       : 52
# FlipFlops/Latches                : 108
#      FD                          : 27
#      FDE                         : 80
#      FDRE                        : 1
# Clock Buffers                    : 1
#      BUFGP                       : 1
# IO Buffers                       : 12
#      IBUF                        : 5
#      OBUF                        : 7
=========================================================================

Device utilization summary:
---------------------------

Selected Device : 3s500efg320-4 

 Number of Slices:                      152  out of   4656     3%  
 Number of Slice Flip Flops:            108  out of   9312     1%  
 Number of 4 input LUTs:                289  out of   9312     3%  
 Number of IOs:                          13
 Number of bonded IOBs:                  13  out of    232     5%  
 Number of GCLKs:                         1  out of     24     4%  

---------------------------
Partition Resource Summary:
---------------------------

  No Partitions were found in this design.

---------------------------


=========================================================================
TIMING REPORT

NOTE: THESE TIMING NUMBERS ARE ONLY A SYNTHESIS ESTIMATE.
      FOR ACCURATE TIMING INFORMATION PLEASE REFER TO THE TRACE REPORT
      GENERATED AFTER PLACE-and-ROUTE.

Clock Information:
------------------
-----------------------------------+------------------------+-------+
Clock Signal                       | Clock buffer(FF name)  | Load  |
-----------------------------------+------------------------+-------+
clk                                | BUFGP                  | 108   |
-----------------------------------+------------------------+-------+

Asynchronous Control Signals Information:
----------------------------------------
No asynchronous control signals found in this design

Timing Summary:
---------------
Speed Grade: -4

   Minimum period: 8.189ns (Maximum Frequency: 122.109MHz)
   Minimum input arrival time before clock: 3.875ns
   Maximum output required time after clock: 4.310ns
   Maximum combinational path delay: No path found

Timing Detail:
--------------
All values displayed in nanoseconds (ns)

=========================================================================
Timing constraint: Default period analysis for Clock 'clk'
  Clock period: 8.189ns (frequency: 122.109MHz)
  Total number of paths / destination ports: 18057 / 175
-------------------------------------------------------------------------
Delay:               8.189ns (Levels of Logic = 35)
  Source:            de/cnt_9 (FF)
  Destination:       de/cnt_25 (FF)
  Source Clock:      clk rising
  Destination Clock: clk rising

  Data Path: de/cnt_9 to de/cnt_25
                                Gate     Net
    Cell:in->out      fanout   Delay   Delay  Logical Name (Net Name)
    ----------------------------------------  ------------
     FD:C->Q               3   0.591   0.706  de/cnt_9 (de/cnt_9)
     LUT2:I0->O            1   0.704   0.000  de/local_cmp_eq0002_wg_lut<0> (de/local_cmp_eq0002_wg_lut<0>)
     MUXCY:S->O            1   0.464   0.000  de/local_cmp_eq0002_wg_cy<0> (de/local_cmp_eq0002_wg_cy<0>)
     MUXCY:CI->O           1   0.059   0.000  de/local_cmp_eq0002_wg_cy<1> (de/local_cmp_eq0002_wg_cy<1>)
     MUXCY:CI->O           1   0.059   0.000  de/local_cmp_eq0002_wg_cy<2> (de/local_cmp_eq0002_wg_cy<2>)
     MUXCY:CI->O           1   0.059   0.000  de/local_cmp_eq0002_wg_cy<3> (de/local_cmp_eq0002_wg_cy<3>)
     MUXCY:CI->O           1   0.059   0.000  de/local_cmp_eq0002_wg_cy<4> (de/local_cmp_eq0002_wg_cy<4>)
     MUXCY:CI->O           1   0.059   0.000  de/local_cmp_eq0002_wg_cy<5> (de/local_cmp_eq0002_wg_cy<5>)
     MUXCY:CI->O          58   0.459   1.274  de/local_cmp_eq0002_wg_cy<6> (de/local_cmp_eq0002)
     LUT4:I3->O            1   0.704   0.000  de/Mcount_cnt_lut<0> (de/Mcount_cnt_lut<0>)
     MUXCY:S->O            1   0.464   0.000  de/Mcount_cnt_cy<0> (de/Mcount_cnt_cy<0>)
     MUXCY:CI->O           1   0.059   0.000  de/Mcount_cnt_cy<1> (de/Mcount_cnt_cy<1>)
     MUXCY:CI->O           1   0.059   0.000  de/Mcount_cnt_cy<2> (de/Mcount_cnt_cy<2>)
     MUXCY:CI->O           1   0.059   0.000  de/Mcount_cnt_cy<3> (de/Mcount_cnt_cy<3>)
     MUXCY:CI->O           1   0.059   0.000  de/Mcount_cnt_cy<4> (de/Mcount_cnt_cy<4>)
     MUXCY:CI->O           1   0.059   0.000  de/Mcount_cnt_cy<5> (de/Mcount_cnt_cy<5>)
     MUXCY:CI->O           1   0.059   0.000  de/Mcount_cnt_cy<6> (de/Mcount_cnt_cy<6>)
     MUXCY:CI->O           1   0.059   0.000  de/Mcount_cnt_cy<7> (de/Mcount_cnt_cy<7>)
     MUXCY:CI->O           1   0.059   0.000  de/Mcount_cnt_cy<8> (de/Mcount_cnt_cy<8>)
     MUXCY:CI->O           1   0.059   0.000  de/Mcount_cnt_cy<9> (de/Mcount_cnt_cy<9>)
     MUXCY:CI->O           1   0.059   0.000  de/Mcount_cnt_cy<10> (de/Mcount_cnt_cy<10>)
     MUXCY:CI->O           1   0.059   0.000  de/Mcount_cnt_cy<11> (de/Mcount_cnt_cy<11>)
     MUXCY:CI->O           1   0.059   0.000  de/Mcount_cnt_cy<12> (de/Mcount_cnt_cy<12>)
     MUXCY:CI->O           1   0.059   0.000  de/Mcount_cnt_cy<13> (de/Mcount_cnt_cy<13>)
     MUXCY:CI->O           1   0.059   0.000  de/Mcount_cnt_cy<14> (de/Mcount_cnt_cy<14>)
     MUXCY:CI->O           1   0.059   0.000  de/Mcount_cnt_cy<15> (de/Mcount_cnt_cy<15>)
     MUXCY:CI->O           1   0.059   0.000  de/Mcount_cnt_cy<16> (de/Mcount_cnt_cy<16>)
     MUXCY:CI->O           1   0.059   0.000  de/Mcount_cnt_cy<17> (de/Mcount_cnt_cy<17>)
     MUXCY:CI->O           1   0.059   0.000  de/Mcount_cnt_cy<18> (de/Mcount_cnt_cy<18>)
     MUXCY:CI->O           1   0.059   0.000  de/Mcount_cnt_cy<19> (de/Mcount_cnt_cy<19>)
     MUXCY:CI->O           1   0.059   0.000  de/Mcount_cnt_cy<20> (de/Mcount_cnt_cy<20>)
     MUXCY:CI->O           1   0.059   0.000  de/Mcount_cnt_cy<21> (de/Mcount_cnt_cy<21>)
     MUXCY:CI->O           1   0.059   0.000  de/Mcount_cnt_cy<22> (de/Mcount_cnt_cy<22>)
     MUXCY:CI->O           1   0.059   0.000  de/Mcount_cnt_cy<23> (de/Mcount_cnt_cy<23>)
     MUXCY:CI->O           0   0.059   0.000  de/Mcount_cnt_cy<24> (de/Mcount_cnt_cy<24>)
     XORCY:CI->O           1   0.804   0.000  de/Mcount_cnt_xor<25> (de/Mcount_cnt25)
     FD:D                      0.308          de/cnt_25
    ----------------------------------------
    Total                      8.189ns (6.209ns logic, 1.980ns route)
                                       (75.8% logic, 24.2% route)

=========================================================================
Timing constraint: Default OFFSET IN BEFORE for Clock 'clk'
  Total number of paths / destination ports: 16 / 14
-------------------------------------------------------------------------
Offset:              3.875ns (Levels of Logic = 2)
  Source:            rot_a (PAD)
  Destination:       u1/rot_event (FF)
  Destination Clock: clk rising

  Data Path: rot_a to u1/rot_event
                                Gate     Net
    Cell:in->out      fanout   Delay   Delay  Logical Name (Net Name)
    ----------------------------------------  ------------
     IBUF:I->O             2   1.218   0.622  rot_a_IBUF (rot_a_IBUF)
     LUT2:I0->O            1   0.704   0.420  u1/rot_event_and00011 (u1/rot_event_not0001_inv)
     FDRE:R                    0.911          u1/rot_event
    ----------------------------------------
    Total                      3.875ns (2.833ns logic, 1.042ns route)
                                       (73.1% logic, 26.9% route)

=========================================================================
Timing constraint: Default OFFSET OUT AFTER for Clock 'clk'
  Total number of paths / destination ports: 6 / 6
-------------------------------------------------------------------------
Offset:              4.310ns (Levels of Logic = 1)
  Source:            de/LCD_E (FF)
  Destination:       LCD_E (PAD)
  Source Clock:      clk rising

  Data Path: de/LCD_E to LCD_E
                                Gate     Net
    Cell:in->out      fanout   Delay   Delay  Logical Name (Net Name)
    ----------------------------------------  ------------
     FDE:C->Q              2   0.591   0.447  de/LCD_E (de/LCD_E)
     OBUF:I->O                 3.272          LCD_E_OBUF (LCD_E)
    ----------------------------------------
    Total                      4.310ns (3.863ns logic, 0.447ns route)
                                       (89.6% logic, 10.4% route)

=========================================================================


Total REAL time to Xst completion: 9.00 secs
Total CPU time to Xst completion: 8.58 secs
 
--> 


Total memory usage is 533004 kilobytes

Number of errors   :    0 (   0 filtered)
Number of warnings :  288 (   0 filtered)
Number of infos    :    6 (   0 filtered)

