Command line:
   top_module_two_bit_isim_beh.exe
     -simmode  gui
     -simrunnum  1
     -socket  45880

Mon Jan 21 14:16:20 2019


 Elaboration Time: 0.05 sec

 Current Memory Usage: 225.796 Meg

 Total Signals          : 30
 Total Nets             : 22
 Total Signal Drivers   : 12
 Total Blocks           : 5
 Total Primitive Blocks : 3
 Total Processes        : 15
 Total Traceable Variables  : 20
 Total Scalar Nets and Variables : 106
Total Line Count : 38

 Total Simulation Time: 0.06 sec

 Current Memory Usage: 301.298 Meg

Mon Jan 21 14:27:16 2019

