Release 14.7 - xst P.20131013 (lin64)
Copyright (c) 1995-2013 Xilinx, Inc.  All rights reserved.
--> 
Parameter TMPDIR set to xst/projnav.tmp


Total REAL time to Xst completion: 0.00 secs
Total CPU time to Xst completion: 0.08 secs
 
--> 
Parameter xsthdpdir set to xst


Total REAL time to Xst completion: 0.00 secs
Total CPU time to Xst completion: 0.09 secs
 
--> 
Reading design: final.prj

TABLE OF CONTENTS
  1) Synthesis Options Summary
  2) HDL Compilation
  3) Design Hierarchy Analysis
  4) HDL Analysis
  5) HDL Synthesis
     5.1) HDL Synthesis Report
  6) Advanced HDL Synthesis
     6.1) Advanced HDL Synthesis Report
  7) Low Level Synthesis
  8) Partition Report
  9) Final Report
	9.1) Device utilization summary
	9.2) Partition Resource Summary
	9.3) TIMING REPORT


=========================================================================
*                      Synthesis Options Summary                        *
=========================================================================
---- Source Parameters
Input File Name                    : "final.prj"
Input Format                       : mixed
Ignore Synthesis Constraint File   : NO

---- Target Parameters
Output File Name                   : "final"
Output Format                      : NGC
Target Device                      : xc3s500e-4-fg320

---- Source Options
Top Module Name                    : final
Automatic FSM Extraction           : YES
FSM Encoding Algorithm             : Auto
Safe Implementation                : No
FSM Style                          : LUT
RAM Extraction                     : Yes
RAM Style                          : Auto
ROM Extraction                     : Yes
Mux Style                          : Auto
Decoder Extraction                 : YES
Priority Encoder Extraction        : Yes
Shift Register Extraction          : YES
Logical Shifter Extraction         : YES
XOR Collapsing                     : YES
ROM Style                          : Auto
Mux Extraction                     : Yes
Resource Sharing                   : YES
Asynchronous To Synchronous        : NO
Multiplier Style                   : Auto
Automatic Register Balancing       : No

---- Target Options
Add IO Buffers                     : YES
Global Maximum Fanout              : 500
Add Generic Clock Buffer(BUFG)     : 24
Register Duplication               : YES
Slice Packing                      : YES
Optimize Instantiated Primitives   : NO
Use Clock Enable                   : Yes
Use Synchronous Set                : Yes
Use Synchronous Reset              : Yes
Pack IO Registers into IOBs        : Auto
Equivalent register Removal        : YES

---- General Options
Optimization Goal                  : Speed
Optimization Effort                : 1
Keep Hierarchy                     : No
Netlist Hierarchy                  : As_Optimized
RTL Output                         : Yes
Global Optimization                : AllClockNets
Read Cores                         : YES
Write Timing Constraints           : NO
Cross Clock Analysis               : NO
Hierarchy Separator                : /
Bus Delimiter                      : <>
Case Specifier                     : Maintain
Slice Utilization Ratio            : 100
BRAM Utilization Ratio             : 100
Verilog 2001                       : YES
Auto BRAM Packing                  : NO
Slice Utilization Ratio Delta      : 5

=========================================================================


=========================================================================
*                          HDL Compilation                              *
=========================================================================
Compiling verilog file "one.v" in library work
Compiling verilog file "six.v" in library work
Module <one> compiled
Compiling verilog file "four.v" in library work
Module <six> compiled
Compiling verilog file "five.v" in library work
Module <four> compiled
Compiling verilog file "final.v" in library work
Module <five> compiled
Module <final> compiled
No errors in compilation
Analysis of file <"final.prj"> succeeded.
 

=========================================================================
*                     Design Hierarchy Analysis                         *
=========================================================================
Analyzing hierarchy for module <final> in library <work>.

Analyzing hierarchy for module <four> in library <work>.

Analyzing hierarchy for module <five> in library <work>.

Analyzing hierarchy for module <six> in library <work>.

Analyzing hierarchy for module <one> in library <work>.


=========================================================================
*                            HDL Analysis                               *
=========================================================================
Analyzing top module <final>.
Module <final> is correct for synthesis.
 
Analyzing module <four> in library <work>.
Module <four> is correct for synthesis.
 
Analyzing module <one> in library <work>.
Module <one> is correct for synthesis.
 
Analyzing module <five> in library <work>.
Module <five> is correct for synthesis.
 
Analyzing module <six> in library <work>.
Module <six> is correct for synthesis.
 

=========================================================================
*                           HDL Synthesis                               *
=========================================================================

Performing bidirectional port resolution...

Synthesizing Unit <one>.
    Related source file is "one.v".
    Found 1-bit xor3 for signal <sum>.
    Summary:
	inferred   1 Xor(s).
Unit <one> synthesized.


Synthesizing Unit <four>.
    Related source file is "four.v".
Unit <four> synthesized.


Synthesizing Unit <five>.
    Related source file is "five.v".
Unit <five> synthesized.


Synthesizing Unit <six>.
    Related source file is "six.v".
Unit <six> synthesized.


Synthesizing Unit <final>.
    Related source file is "final.v".
WARNING:Xst:1780 - Signal <carry> is never used or assigned. This unconnected signal will be trimmed during the optimization process.
    Found 4-bit register for signal <a>.
    Found 4-bit register for signal <b>.
    Found 4-bit register for signal <c>.
    Found 4-bit register for signal <d>.
    Found 4-bit register for signal <e>.
    Found 6-bit register for signal <f>.
    Summary:
	inferred  26 D-type flip-flop(s).
Unit <final> synthesized.


=========================================================================
HDL Synthesis Report

Macro Statistics
# Registers                                            : 6
 4-bit register                                        : 5
 6-bit register                                        : 1
# Xors                                                 : 19
 1-bit xor3                                            : 19

=========================================================================

=========================================================================
*                       Advanced HDL Synthesis                          *
=========================================================================

WARNING:Xst:1710 - FF/Latch <f_4> (without init value) has a constant value of 0 in block <final>. This FF/Latch will be trimmed during the optimization process.
WARNING:Xst:1895 - Due to other FF/Latch trimming, FF/Latch <f_5> (without init value) has a constant value of 0 in block <final>. This FF/Latch will be trimmed during the optimization process.
WARNING:Xst:2404 -  FFs/Latches <f<5:4>> (without init value) have a constant value of 0 in block <final>.

=========================================================================
Advanced HDL Synthesis Report

Macro Statistics
# Registers                                            : 24
 Flip-Flops                                            : 24
# Xors                                                 : 19
 1-bit xor3                                            : 19

=========================================================================

=========================================================================
*                         Low Level Synthesis                           *
=========================================================================

Optimizing unit <final> ...

Mapping all equations...
Building and optimizing final netlist ...
Found area constraint ratio of 100 (+ 5) on block final, actual ratio is 0.

Final Macro Processing ...

Processing Unit <final> :
	Found 2-bit shift register for signal <f_0>.
	Found 2-bit shift register for signal <f_1>.
	Found 2-bit shift register for signal <f_2>.
	Found 2-bit shift register for signal <f_3>.
Unit <final> processed.

=========================================================================
Final Register Report

Macro Statistics
# Registers                                            : 16
 Flip-Flops                                            : 16
# Shift Registers                                      : 4
 2-bit shift register                                  : 4

=========================================================================

=========================================================================
*                           Partition Report                            *
=========================================================================

Partition Implementation Status
-------------------------------

  No Partitions were found in this design.

-------------------------------

=========================================================================
*                            Final Report                               *
=========================================================================
Final Results
RTL Top Level Output File Name     : final.ngr
Top Level Output File Name         : final
Output Format                      : NGC
Optimization Goal                  : Speed
Keep Hierarchy                     : No

Design Statistics
# IOs                              : 16

Cell Usage :
# BELS                             : 32
#      GND                         : 1
#      LUT2                        : 1
#      LUT3                        : 18
#      LUT4                        : 12
# FlipFlops/Latches                : 20
#      FD                          : 20
# Shift Registers                  : 4
#      SRL16                       : 4
# Clock Buffers                    : 5
#      BUFGP                       : 5
# IO Buffers                       : 11
#      IBUF                        : 4
#      OBUF                        : 7
=========================================================================

Device utilization summary:
---------------------------

Selected Device : 3s500efg320-4 

 Number of Slices:                       20  out of   4656     0%  
 Number of Slice Flip Flops:             20  out of   9312     0%  
 Number of 4 input LUTs:                 35  out of   9312     0%  
    Number used as logic:                31
    Number used as Shift registers:       4
 Number of IOs:                          16
 Number of bonded IOBs:                  16  out of    232     6%  
 Number of GCLKs:                         5  out of     24    20%  

---------------------------
Partition Resource Summary:
---------------------------

  No Partitions were found in this design.

---------------------------


=========================================================================
TIMING REPORT

NOTE: THESE TIMING NUMBERS ARE ONLY A SYNTHESIS ESTIMATE.
      FOR ACCURATE TIMING INFORMATION PLEASE REFER TO THE TRACE REPORT
      GENERATED AFTER PLACE-and-ROUTE.

Clock Information:
------------------
-----------------------------------+------------------------+-------+
Clock Signal                       | Clock buffer(FF name)  | Load  |
-----------------------------------+------------------------+-------+
pb1                                | BUFGP                  | 4     |
pb4                                | BUFGP                  | 4     |
pb2                                | BUFGP                  | 4     |
pb3                                | BUFGP                  | 4     |
pb5                                | BUFGP                  | 8     |
-----------------------------------+------------------------+-------+

Asynchronous Control Signals Information:
----------------------------------------
No asynchronous control signals found in this design

Timing Summary:
---------------
Speed Grade: -4

   Minimum period: 4.014ns (Maximum Frequency: 249.128MHz)
   Minimum input arrival time before clock: 2.272ns
   Maximum output required time after clock: 13.509ns
   Maximum combinational path delay: No path found

Timing Detail:
--------------
All values displayed in nanoseconds (ns)

=========================================================================
Timing constraint: Default period analysis for Clock 'pb5'
  Clock period: 4.014ns (frequency: 249.128MHz)
  Total number of paths / destination ports: 4 / 4
-------------------------------------------------------------------------
Delay:               4.014ns (Levels of Logic = 0)
  Source:            Mshreg_f_0 (FF)
  Destination:       f_0 (FF)
  Source Clock:      pb5 rising
  Destination Clock: pb5 rising

  Data Path: Mshreg_f_0 to f_0
                                Gate     Net
    Cell:in->out      fanout   Delay   Delay  Logical Name (Net Name)
    ----------------------------------------  ------------
     SRL16:CLK->Q          1   3.706   0.000  Mshreg_f_0 (Mshreg_f_0)
     FD:D                      0.308          f_0
    ----------------------------------------
    Total                      4.014ns (4.014ns logic, 0.000ns route)
                                       (100.0% logic, 0.0% route)

=========================================================================
Timing constraint: Default OFFSET IN BEFORE for Clock 'pb1'
  Total number of paths / destination ports: 4 / 4
-------------------------------------------------------------------------
Offset:              2.159ns (Levels of Logic = 1)
  Source:            y<0> (PAD)
  Destination:       a_0 (FF)
  Destination Clock: pb1 rising

  Data Path: y<0> to a_0
                                Gate     Net
    Cell:in->out      fanout   Delay   Delay  Logical Name (Net Name)
    ----------------------------------------  ------------
     IBUF:I->O             5   1.218   0.633  y_0_IBUF (y_0_IBUF)
     FD:D                      0.308          a_0
    ----------------------------------------
    Total                      2.159ns (1.526ns logic, 0.633ns route)
                                       (70.7% logic, 29.3% route)

=========================================================================
Timing constraint: Default OFFSET IN BEFORE for Clock 'pb4'
  Total number of paths / destination ports: 4 / 4
-------------------------------------------------------------------------
Offset:              2.159ns (Levels of Logic = 1)
  Source:            y<0> (PAD)
  Destination:       d_0 (FF)
  Destination Clock: pb4 rising

  Data Path: y<0> to d_0
                                Gate     Net
    Cell:in->out      fanout   Delay   Delay  Logical Name (Net Name)
    ----------------------------------------  ------------
     IBUF:I->O             5   1.218   0.633  y_0_IBUF (y_0_IBUF)
     FD:D                      0.308          d_0
    ----------------------------------------
    Total                      2.159ns (1.526ns logic, 0.633ns route)
                                       (70.7% logic, 29.3% route)

=========================================================================
Timing constraint: Default OFFSET IN BEFORE for Clock 'pb2'
  Total number of paths / destination ports: 4 / 4
-------------------------------------------------------------------------
Offset:              2.159ns (Levels of Logic = 1)
  Source:            y<0> (PAD)
  Destination:       b_0 (FF)
  Destination Clock: pb2 rising

  Data Path: y<0> to b_0
                                Gate     Net
    Cell:in->out      fanout   Delay   Delay  Logical Name (Net Name)
    ----------------------------------------  ------------
     IBUF:I->O             5   1.218   0.633  y_0_IBUF (y_0_IBUF)
     FD:D                      0.308          b_0
    ----------------------------------------
    Total                      2.159ns (1.526ns logic, 0.633ns route)
                                       (70.7% logic, 29.3% route)

=========================================================================
Timing constraint: Default OFFSET IN BEFORE for Clock 'pb3'
  Total number of paths / destination ports: 4 / 4
-------------------------------------------------------------------------
Offset:              2.159ns (Levels of Logic = 1)
  Source:            y<0> (PAD)
  Destination:       c_0 (FF)
  Destination Clock: pb3 rising

  Data Path: y<0> to c_0
                                Gate     Net
    Cell:in->out      fanout   Delay   Delay  Logical Name (Net Name)
    ----------------------------------------  ------------
     IBUF:I->O             5   1.218   0.633  y_0_IBUF (y_0_IBUF)
     FD:D                      0.308          c_0
    ----------------------------------------
    Total                      2.159ns (1.526ns logic, 0.633ns route)
                                       (70.7% logic, 29.3% route)

=========================================================================
Timing constraint: Default OFFSET IN BEFORE for Clock 'pb5'
  Total number of paths / destination ports: 4 / 4
-------------------------------------------------------------------------
Offset:              2.272ns (Levels of Logic = 1)
  Source:            y<0> (PAD)
  Destination:       Mshreg_f_0 (FF)
  Destination Clock: pb5 rising

  Data Path: y<0> to Mshreg_f_0
                                Gate     Net
    Cell:in->out      fanout   Delay   Delay  Logical Name (Net Name)
    ----------------------------------------  ------------
     IBUF:I->O             5   1.218   0.633  y_0_IBUF (y_0_IBUF)
     SRL16:D                   0.421          Mshreg_f_0
    ----------------------------------------
    Total                      2.272ns (1.639ns logic, 0.633ns route)
                                       (72.1% logic, 27.9% route)

=========================================================================
Timing constraint: Default OFFSET OUT AFTER for Clock 'pb1'
  Total number of paths / destination ports: 165 / 7
-------------------------------------------------------------------------
Offset:              13.457ns (Levels of Logic = 8)
  Source:            a_0 (FF)
  Destination:       cout (PAD)
  Source Clock:      pb1 rising

  Data Path: a_0 to cout
                                Gate     Net
    Cell:in->out      fanout   Delay   Delay  Logical Name (Net Name)
    ----------------------------------------  ------------
     FD:C->Q               4   0.591   0.666  a_0 (a_0)
     LUT4:I1->O            2   0.704   0.526  f0/f1/cout1 (f0/carry1)
     LUT3:I1->O            2   0.704   0.482  f0/f2/cout1 (f0/carry2)
     LUT3:I2->O            2   0.704   0.622  f0/f3/Mxor_sum_xo<0>1 (p<3>)
     LUT3:I0->O            3   0.704   0.706  f2/f3/cout1 (f2/carry3)
     LUT3:I0->O            2   0.704   0.622  f2/f4/Mxor_sum_xo<0>1 (r<4>)
     LUT4:I0->O            2   0.704   0.622  f3/f4/cout_and00021 (f3/carry4)
     LUT4:I0->O            1   0.704   0.420  f3/f5/cout_and00021 (cout_OBUF)
     OBUF:I->O                 3.272          cout_OBUF (cout)
    ----------------------------------------
    Total                     13.457ns (8.791ns logic, 4.666ns route)
                                       (65.3% logic, 34.7% route)

=========================================================================
Timing constraint: Default OFFSET OUT AFTER for Clock 'pb2'
  Total number of paths / destination ports: 165 / 7
-------------------------------------------------------------------------
Offset:              13.509ns (Levels of Logic = 8)
  Source:            b_0 (FF)
  Destination:       cout (PAD)
  Source Clock:      pb2 rising

  Data Path: b_0 to cout
                                Gate     Net
    Cell:in->out      fanout   Delay   Delay  Logical Name (Net Name)
    ----------------------------------------  ------------
     FD:C->Q               4   0.591   0.762  b_0 (b_0)
     LUT4:I0->O            2   0.704   0.622  f0/f1/Mxor_sum_xo<0>1 (p<1>)
     LUT3:I0->O            2   0.704   0.482  f2/f1/cout1 (f2/carry1)
     LUT3:I2->O            2   0.704   0.482  f2/f2/cout1 (f2/carry2)
     LUT3:I2->O            3   0.704   0.706  f2/f3/cout1 (f2/carry3)
     LUT3:I0->O            2   0.704   0.622  f2/f4/Mxor_sum_xo<0>1 (r<4>)
     LUT4:I0->O            2   0.704   0.622  f3/f4/cout_and00021 (f3/carry4)
     LUT4:I0->O            1   0.704   0.420  f3/f5/cout_and00021 (cout_OBUF)
     OBUF:I->O                 3.272          cout_OBUF (cout)
    ----------------------------------------
    Total                     13.509ns (8.791ns logic, 4.718ns route)
                                       (65.1% logic, 34.9% route)

=========================================================================
Timing constraint: Default OFFSET OUT AFTER for Clock 'pb3'
  Total number of paths / destination ports: 165 / 7
-------------------------------------------------------------------------
Offset:              13.369ns (Levels of Logic = 8)
  Source:            c_0 (FF)
  Destination:       cout (PAD)
  Source Clock:      pb3 rising

  Data Path: c_0 to cout
                                Gate     Net
    Cell:in->out      fanout   Delay   Delay  Logical Name (Net Name)
    ----------------------------------------  ------------
     FD:C->Q               4   0.591   0.762  c_0 (c_0)
     LUT4:I0->O            2   0.704   0.482  f2/f0/cout_and00001 (f2/carry0)
     LUT3:I2->O            2   0.704   0.482  f2/f1/cout1 (f2/carry1)
     LUT3:I2->O            2   0.704   0.482  f2/f2/cout1 (f2/carry2)
     LUT3:I2->O            3   0.704   0.706  f2/f3/cout1 (f2/carry3)
     LUT3:I0->O            2   0.704   0.622  f2/f4/Mxor_sum_xo<0>1 (r<4>)
     LUT4:I0->O            2   0.704   0.622  f3/f4/cout_and00021 (f3/carry4)
     LUT4:I0->O            1   0.704   0.420  f3/f5/cout_and00021 (cout_OBUF)
     OBUF:I->O                 3.272          cout_OBUF (cout)
    ----------------------------------------
    Total                     13.369ns (8.791ns logic, 4.578ns route)
                                       (65.8% logic, 34.2% route)

=========================================================================
Timing constraint: Default OFFSET OUT AFTER for Clock 'pb4'
  Total number of paths / destination ports: 165 / 7
-------------------------------------------------------------------------
Offset:              13.413ns (Levels of Logic = 8)
  Source:            d_0 (FF)
  Destination:       cout (PAD)
  Source Clock:      pb4 rising

  Data Path: d_0 to cout
                                Gate     Net
    Cell:in->out      fanout   Delay   Delay  Logical Name (Net Name)
    ----------------------------------------  ------------
     FD:C->Q               4   0.591   0.762  d_0 (d_0)
     LUT4:I0->O            2   0.704   0.526  f1/f1/Mxor_sum_xo<0>1 (q<1>)
     LUT3:I1->O            2   0.704   0.482  f2/f1/cout1 (f2/carry1)
     LUT3:I2->O            2   0.704   0.482  f2/f2/cout1 (f2/carry2)
     LUT3:I2->O            3   0.704   0.706  f2/f3/cout1 (f2/carry3)
     LUT3:I0->O            2   0.704   0.622  f2/f4/Mxor_sum_xo<0>1 (r<4>)
     LUT4:I0->O            2   0.704   0.622  f3/f4/cout_and00021 (f3/carry4)
     LUT4:I0->O            1   0.704   0.420  f3/f5/cout_and00021 (cout_OBUF)
     OBUF:I->O                 3.272          cout_OBUF (cout)
    ----------------------------------------
    Total                     13.413ns (8.791ns logic, 4.622ns route)
                                       (65.5% logic, 34.5% route)

=========================================================================
Timing constraint: Default OFFSET OUT AFTER for Clock 'pb5'
  Total number of paths / destination ports: 22 / 7
-------------------------------------------------------------------------
Offset:              9.435ns (Levels of Logic = 5)
  Source:            f_1 (FF)
  Destination:       cout (PAD)
  Source Clock:      pb5 rising

  Data Path: f_1 to cout
                                Gate     Net
    Cell:in->out      fanout   Delay   Delay  Logical Name (Net Name)
    ----------------------------------------  ------------
     FD:C->Q               2   0.591   0.622  f_1 (f_1)
     LUT4:I0->O            2   0.704   0.482  f3/f1/cout1 (f3/carry1)
     LUT3:I2->O            3   0.704   0.610  f3/f2/cout1 (f3/carry2)
     LUT4:I1->O            2   0.704   0.622  f3/f4/cout_and00021 (f3/carry4)
     LUT4:I0->O            1   0.704   0.420  f3/f5/cout_and00021 (cout_OBUF)
     OBUF:I->O                 3.272          cout_OBUF (cout)
    ----------------------------------------
    Total                      9.435ns (6.679ns logic, 2.756ns route)
                                       (70.8% logic, 29.2% route)

=========================================================================


Total REAL time to Xst completion: 7.00 secs
Total CPU time to Xst completion: 6.49 secs
 
--> 


Total memory usage is 515680 kilobytes

Number of errors   :    0 (   0 filtered)
Number of warnings :    4 (   0 filtered)
Number of infos    :    0 (   0 filtered)

