ISim log file
Running: /media/ssinghal/480A-D8B5/CS220Labs/Lab3_3/third/test_isim_beh.exe -intstyle ise -gui -tclbatch isim.cmd -wdb /media/ssinghal/480A-D8B5/CS220Labs/Lab3_3/third/test_isim_beh.wdb 
INFO: There is another simulation running in the same directory. Using database file name isim1.wdb.
ISim P.20131013 (signature 0xfbc00daa)
WARNING: A WEBPACK license was found.
WARNING: Please use Xilinx License Configuration Manager to check out a full ISim license.
WARNING: ISim will run in Lite mode. Please refer to the ISim documentation for more information on the differences between the Lite and the Full version.
This is a Lite version of ISim.
Time resolution is 1 ps
# onerror resume
# wave add /
# run 1000 ns
Simulator is doing circuit initialization process.
Finished circuit initialization process.
time=                    5 : 1  1
time=                   15 : 0  1
time=                   15 : 0  1
time=                   15 : 0  1
time=                   25 : 0  1
time=                   25 : 0  1
time=                   25 : 0  1
time=                   25 : 0  0
time=                   30 : 0  0
time=                   35 : 1  0
time=                   35 : 1  0
time=                   35 : 1  0
Stopped at time : 140 ns : File "/media/ssinghal/480A-D8B5/CS220Labs/Lab3_3/third/test.v" Line 73
# exit 0
