Release 14.7 - xst P.20131013 (lin64)
Copyright (c) 1995-2013 Xilinx, Inc.  All rights reserved.
--> 
Parameter TMPDIR set to xst/projnav.tmp


Total REAL time to Xst completion: 0.00 secs
Total CPU time to Xst completion: 0.08 secs
 
--> 
Parameter xsthdpdir set to xst


Total REAL time to Xst completion: 0.00 secs
Total CPU time to Xst completion: 0.08 secs
 
--> 
Reading design: top.prj

TABLE OF CONTENTS
  1) Synthesis Options Summary
  2) HDL Compilation
  3) Design Hierarchy Analysis
  4) HDL Analysis
  5) HDL Synthesis
     5.1) HDL Synthesis Report
  6) Advanced HDL Synthesis
     6.1) Advanced HDL Synthesis Report
  7) Low Level Synthesis
  8) Partition Report
  9) Final Report
	9.1) Device utilization summary
	9.2) Partition Resource Summary
	9.3) TIMING REPORT


=========================================================================
*                      Synthesis Options Summary                        *
=========================================================================
---- Source Parameters
Input File Name                    : "top.prj"
Input Format                       : mixed
Ignore Synthesis Constraint File   : NO

---- Target Parameters
Output File Name                   : "top"
Output Format                      : NGC
Target Device                      : xc3s500e-4-fg320

---- Source Options
Top Module Name                    : top
Automatic FSM Extraction           : YES
FSM Encoding Algorithm             : Auto
Safe Implementation                : No
FSM Style                          : LUT
RAM Extraction                     : Yes
RAM Style                          : Auto
ROM Extraction                     : Yes
Mux Style                          : Auto
Decoder Extraction                 : YES
Priority Encoder Extraction        : Yes
Shift Register Extraction          : YES
Logical Shifter Extraction         : YES
XOR Collapsing                     : YES
ROM Style                          : Auto
Mux Extraction                     : Yes
Resource Sharing                   : YES
Asynchronous To Synchronous        : NO
Multiplier Style                   : Auto
Automatic Register Balancing       : No

---- Target Options
Add IO Buffers                     : YES
Global Maximum Fanout              : 100000
Add Generic Clock Buffer(BUFG)     : 24
Register Duplication               : YES
Slice Packing                      : YES
Optimize Instantiated Primitives   : NO
Use Clock Enable                   : Yes
Use Synchronous Set                : Yes
Use Synchronous Reset              : Yes
Pack IO Registers into IOBs        : Auto
Equivalent register Removal        : YES

---- General Options
Optimization Goal                  : Speed
Optimization Effort                : 1
Keep Hierarchy                     : No
Netlist Hierarchy                  : As_Optimized
RTL Output                         : Yes
Global Optimization                : AllClockNets
Read Cores                         : YES
Write Timing Constraints           : NO
Cross Clock Analysis               : NO
Hierarchy Separator                : /
Bus Delimiter                      : <>
Case Specifier                     : Maintain
Slice Utilization Ratio            : 100
BRAM Utilization Ratio             : 100
Verilog 2001                       : YES
Auto BRAM Packing                  : NO
Slice Utilization Ratio Delta      : 5

=========================================================================


=========================================================================
*                          HDL Compilation                              *
=========================================================================
Compiling verilog file "one.v" in library work
Compiling verilog file "rot_event.v" in library work
Module <one> compiled
Compiling verilog file "rising.v" in library work
Module <rot_event> compiled
Compiling verilog file "top.v" in library work
Module <rising> compiled
Module <top> compiled
No errors in compilation
Analysis of file <"top.prj"> succeeded.
 

=========================================================================
*                     Design Hierarchy Analysis                         *
=========================================================================
Analyzing hierarchy for module <top> in library <work>.

Analyzing hierarchy for module <rot_event> in library <work>.

Analyzing hierarchy for module <rising> in library <work>.

Analyzing hierarchy for module <one> in library <work>.


=========================================================================
*                            HDL Analysis                               *
=========================================================================
Analyzing top module <top>.
Module <top> is correct for synthesis.
 
Analyzing module <rot_event> in library <work>.
Module <rot_event> is correct for synthesis.
 
Analyzing module <rising> in library <work>.
Module <rising> is correct for synthesis.
 
Analyzing module <one> in library <work>.
Module <one> is correct for synthesis.
 

=========================================================================
*                           HDL Synthesis                               *
=========================================================================

Performing bidirectional port resolution...

Synthesizing Unit <rot_event>.
    Related source file is "rot_event.v".
    Found 1-bit register for signal <rot_event>.
    Summary:
	inferred   1 D-type flip-flop(s).
Unit <rot_event> synthesized.


Synthesizing Unit <one>.
    Related source file is "one.v".
    Found 1-bit xor3 for signal <sum>.
    Found 1-bit xor2 for signal <i>.
    Summary:
	inferred   1 Xor(s).
Unit <one> synthesized.


Synthesizing Unit <rising>.
    Related source file is "rising.v".
WARNING:Xst:1780 - Signal <cb> is never used or assigned. This unconnected signal will be trimmed during the optimization process.
WARNING:Xst:1780 - Signal <ca> is never used or assigned. This unconnected signal will be trimmed during the optimization process.
WARNING:Xst:1780 - Signal <c<10>> is never used or assigned. This unconnected signal will be trimmed during the optimization process.
    Found 4x1-bit ROM for signal <dir$mux0000>.
    Found 1-bit xor2 for signal <a_0$xor0000> created at line 86.
    Found 1-bit xor2 for signal <b_0$xor0000> created at line 90.
    Found 1-bit register for signal <dir>.
    Found 1-bit register for signal <prev>.
    Found 5-bit register for signal <preva>.
    Found 5-bit register for signal <prevb>.
    Found 2-bit register for signal <stepa>.
    Found 2-bit 4-to-1 multiplexer for signal <stepa$mux0000>.
    Found 2-bit register for signal <stepb>.
    Found 2-bit 4-to-1 multiplexer for signal <stepb$mux0000>.
    Summary:
	inferred   1 ROM(s).
	inferred  16 D-type flip-flop(s).
	inferred   4 Multiplexer(s).
Unit <rising> synthesized.


Synthesizing Unit <top>.
    Related source file is "top.v".
Unit <top> synthesized.


=========================================================================
HDL Synthesis Report

Macro Statistics
# ROMs                                                 : 1
 4x1-bit ROM                                           : 1
# Registers                                            : 7
 1-bit register                                        : 3
 2-bit register                                        : 2
 5-bit register                                        : 2
# Multiplexers                                         : 2
 2-bit 4-to-1 multiplexer                              : 2
# Xors                                                 : 22
 1-bit xor2                                            : 12
 1-bit xor3                                            : 10

=========================================================================

=========================================================================
*                       Advanced HDL Synthesis                          *
=========================================================================

INFO:Xst:2261 - The FF/Latch <preva_4> in Unit <u2> is equivalent to the following FF/Latch, which will be removed : <prevb_4> 
WARNING:Xst:1710 - FF/Latch <preva_4> (without init value) has a constant value of 0 in block <u2>. This FF/Latch will be trimmed during the optimization process.
WARNING:Xst:2404 -  FFs/Latches <preva<4:4>> (without init value) have a constant value of 0 in block <rising>.
WARNING:Xst:2404 -  FFs/Latches <prevb<4:4>> (without init value) have a constant value of 0 in block <rising>.

Synthesizing (advanced) Unit <rising>.
INFO:Xst:3034 - In order to maximize performance and save block RAM resources, the small ROM <Mrom_dir_mux0000> will be implemented on LUT. If you want to force its implementation on block, use option/constraint rom_style.
Unit <rising> synthesized (advanced).

=========================================================================
Advanced HDL Synthesis Report

Macro Statistics
# ROMs                                                 : 1
 4x1-bit ROM                                           : 1
# Registers                                            : 15
 Flip-Flops                                            : 15
# Multiplexers                                         : 2
 2-bit 4-to-1 multiplexer                              : 2
# Xors                                                 : 22
 1-bit xor2                                            : 12
 1-bit xor3                                            : 10

=========================================================================

=========================================================================
*                         Low Level Synthesis                           *
=========================================================================

Optimizing unit <top> ...

Optimizing unit <rising> ...

Mapping all equations...
Building and optimizing final netlist ...
Found area constraint ratio of 100 (+ 5) on block top, actual ratio is 0.
FlipFlop u2/dir has been replicated 2 time(s)
INFO:Xst:1843 - HDL ADVISOR - FlipFlop u2/dir connected to a primary input has been replicated

Final Macro Processing ...

=========================================================================
Final Register Report

Macro Statistics
# Registers                                            : 17
 Flip-Flops                                            : 17

=========================================================================

=========================================================================
*                           Partition Report                            *
=========================================================================

Partition Implementation Status
-------------------------------

  No Partitions were found in this design.

-------------------------------

=========================================================================
*                            Final Report                               *
=========================================================================
Final Results
RTL Top Level Output File Name     : top.ngr
Top Level Output File Name         : top
Output Format                      : NGC
Optimization Goal                  : Speed
Keep Hierarchy                     : No

Design Statistics
# IOs                              : 15

Cell Usage :
# BELS                             : 42
#      LUT2                        : 9
#      LUT3                        : 7
#      LUT3_L                      : 1
#      LUT4                        : 16
#      LUT4_D                      : 2
#      MUXF5                       : 6
#      VCC                         : 1
# FlipFlops/Latches                : 17
#      FD                          : 1
#      FDE                         : 15
#      FDRE                        : 1
# Clock Buffers                    : 1
#      BUFGP                       : 1
# IO Buffers                       : 14
#      IBUF                        : 6
#      OBUF                        : 8
=========================================================================

Device utilization summary:
---------------------------

Selected Device : 3s500efg320-4 

 Number of Slices:                       20  out of   4656     0%  
 Number of Slice Flip Flops:             17  out of   9312     0%  
 Number of 4 input LUTs:                 35  out of   9312     0%  
 Number of IOs:                          15
 Number of bonded IOBs:                  15  out of    232     6%  
 Number of GCLKs:                         1  out of     24     4%  

---------------------------
Partition Resource Summary:
---------------------------

  No Partitions were found in this design.

---------------------------


=========================================================================
TIMING REPORT

NOTE: THESE TIMING NUMBERS ARE ONLY A SYNTHESIS ESTIMATE.
      FOR ACCURATE TIMING INFORMATION PLEASE REFER TO THE TRACE REPORT
      GENERATED AFTER PLACE-and-ROUTE.

Clock Information:
------------------
-----------------------------------+------------------------+-------+
Clock Signal                       | Clock buffer(FF name)  | Load  |
-----------------------------------+------------------------+-------+
clk                                | BUFGP                  | 17    |
-----------------------------------+------------------------+-------+

Asynchronous Control Signals Information:
----------------------------------------
No asynchronous control signals found in this design

Timing Summary:
---------------
Speed Grade: -4

   Minimum period: 4.535ns (Maximum Frequency: 220.507MHz)
   Minimum input arrival time before clock: 3.875ns
   Maximum output required time after clock: 7.946ns
   Maximum combinational path delay: No path found

Timing Detail:
--------------
All values displayed in nanoseconds (ns)

=========================================================================
Timing constraint: Default period analysis for Clock 'clk'
  Clock period: 4.535ns (frequency: 220.507MHz)
  Total number of paths / destination ports: 147 / 24
-------------------------------------------------------------------------
Delay:               4.535ns (Levels of Logic = 3)
  Source:            u2/stepb_0 (FF)
  Destination:       u2/prevb_3 (FF)
  Source Clock:      clk rising
  Destination Clock: clk rising

  Data Path: u2/stepb_0 to u2/prevb_3
                                Gate     Net
    Cell:in->out      fanout   Delay   Delay  Logical Name (Net Name)
    ----------------------------------------  ------------
     FDE:C->Q              2   0.591   0.622  u2/stepb_0 (u2/stepb_0)
     LUT3:I0->O            2   0.704   0.451  u2/o6/cout1 (u2/c<5>)
     LUT4_D:I3->O          2   0.704   0.451  u2/o7/cout1 (u2/c<6>)
     LUT4:I3->O            2   0.704   0.000  u2/b_3_or00001 (b_3_OBUF)
     FDE:D                     0.308          u2/prevb_3
    ----------------------------------------
    Total                      4.535ns (3.011ns logic, 1.524ns route)
                                       (66.4% logic, 33.6% route)

=========================================================================
Timing constraint: Default OFFSET IN BEFORE for Clock 'clk'
  Total number of paths / destination ports: 15 / 9
-------------------------------------------------------------------------
Offset:              3.875ns (Levels of Logic = 2)
  Source:            rot_a (PAD)
  Destination:       u1/rot_event (FF)
  Destination Clock: clk rising

  Data Path: rot_a to u1/rot_event
                                Gate     Net
    Cell:in->out      fanout   Delay   Delay  Logical Name (Net Name)
    ----------------------------------------  ------------
     IBUF:I->O             2   1.218   0.622  rot_a_IBUF (rot_a_IBUF)
     LUT2:I0->O            1   0.704   0.420  u1/rot_event_and00011 (u1/rot_event_not0001_inv)
     FDRE:R                    0.911          u1/rot_event
    ----------------------------------------
    Total                      3.875ns (2.833ns logic, 1.042ns route)
                                       (73.1% logic, 26.9% route)

=========================================================================
Timing constraint: Default OFFSET OUT AFTER for Clock 'clk'
  Total number of paths / destination ports: 116 / 8
-------------------------------------------------------------------------
Offset:              7.946ns (Levels of Logic = 4)
  Source:            u2/stepa_0 (FF)
  Destination:       a<3> (PAD)
  Source Clock:      clk rising

  Data Path: u2/stepa_0 to a<3>
                                Gate     Net
    Cell:in->out      fanout   Delay   Delay  Logical Name (Net Name)
    ----------------------------------------  ------------
     FDE:C->Q              2   0.591   0.622  u2/stepa_0 (u2/stepa_0)
     LUT3:I0->O            2   0.704   0.451  u2/o1/cout1 (u2/c<0>)
     LUT4_D:I3->O          2   0.704   0.451  u2/o2/cout1 (u2/c<1>)
     LUT4:I3->O            2   0.704   0.447  u2/a_3_or00001 (a_3_OBUF)
     OBUF:I->O                 3.272          a_3_OBUF (a<3>)
    ----------------------------------------
    Total                      7.946ns (5.975ns logic, 1.971ns route)
                                       (75.2% logic, 24.8% route)

=========================================================================


Total REAL time to Xst completion: 7.00 secs
Total CPU time to Xst completion: 6.63 secs
 
--> 


Total memory usage is 516092 kilobytes

Number of errors   :    0 (   0 filtered)
Number of warnings :   12 (   0 filtered)
Number of infos    :    3 (   0 filtered)

