Release 14.7 - xst P.20131013 (lin64)
Copyright (c) 1995-2013 Xilinx, Inc.  All rights reserved.
--> 
Parameter TMPDIR set to xst/projnav.tmp


Total REAL time to Xst completion: 0.00 secs
Total CPU time to Xst completion: 0.05 secs
 
--> 
Parameter xsthdpdir set to xst


Total REAL time to Xst completion: 0.00 secs
Total CPU time to Xst completion: 0.05 secs
 
--> 
Reading design: top.prj

TABLE OF CONTENTS
  1) Synthesis Options Summary
  2) HDL Compilation
  3) Design Hierarchy Analysis
  4) HDL Analysis
  5) HDL Synthesis
     5.1) HDL Synthesis Report
  6) Advanced HDL Synthesis
     6.1) Advanced HDL Synthesis Report
  7) Low Level Synthesis
  8) Partition Report
  9) Final Report
	9.1) Device utilization summary
	9.2) Partition Resource Summary
	9.3) TIMING REPORT


=========================================================================
*                      Synthesis Options Summary                        *
=========================================================================
---- Source Parameters
Input File Name                    : "top.prj"
Input Format                       : mixed
Ignore Synthesis Constraint File   : NO

---- Target Parameters
Output File Name                   : "top"
Output Format                      : NGC
Target Device                      : xc3s500e-4-fg320

---- Source Options
Top Module Name                    : top
Automatic FSM Extraction           : YES
FSM Encoding Algorithm             : Auto
Safe Implementation                : No
FSM Style                          : LUT
RAM Extraction                     : Yes
RAM Style                          : Auto
ROM Extraction                     : Yes
Mux Style                          : Auto
Decoder Extraction                 : YES
Priority Encoder Extraction        : Yes
Shift Register Extraction          : YES
Logical Shifter Extraction         : YES
XOR Collapsing                     : YES
ROM Style                          : Auto
Mux Extraction                     : Yes
Resource Sharing                   : YES
Asynchronous To Synchronous        : NO
Multiplier Style                   : Auto
Automatic Register Balancing       : No

---- Target Options
Add IO Buffers                     : YES
Global Maximum Fanout              : 500
Add Generic Clock Buffer(BUFG)     : 24
Register Duplication               : YES
Slice Packing                      : YES
Optimize Instantiated Primitives   : NO
Use Clock Enable                   : Yes
Use Synchronous Set                : Yes
Use Synchronous Reset              : Yes
Pack IO Registers into IOBs        : Auto
Equivalent register Removal        : YES

---- General Options
Optimization Goal                  : Speed
Optimization Effort                : 1
Keep Hierarchy                     : No
Netlist Hierarchy                  : As_Optimized
RTL Output                         : Yes
Global Optimization                : AllClockNets
Read Cores                         : YES
Write Timing Constraints           : NO
Cross Clock Analysis               : NO
Hierarchy Separator                : /
Bus Delimiter                      : <>
Case Specifier                     : Maintain
Slice Utilization Ratio            : 100
BRAM Utilization Ratio             : 100
Verilog 2001                       : YES
Auto BRAM Packing                  : NO
Slice Utilization Ratio Delta      : 5

=========================================================================


=========================================================================
*                          HDL Compilation                              *
=========================================================================
Compiling verilog file "top.v" in library work
Module <top> compiled
No errors in compilation
Analysis of file <"top.prj"> succeeded.
 

=========================================================================
*                     Design Hierarchy Analysis                         *
=========================================================================
Analyzing hierarchy for module <top> in library <work>.


=========================================================================
*                            HDL Analysis                               *
=========================================================================
Analyzing top module <top>.
INFO:Xst:1433 - Contents of array <inst> may be accessed with an index that exceeds the array size. This could cause simulation mismatch.
Module <top> is correct for synthesis.
 

=========================================================================
*                           HDL Synthesis                               *
=========================================================================

Performing bidirectional port resolution...

Synthesizing Unit <top>.
    Related source file is "top.v".
WARNING:Xst:646 - Signal <temp<25:21>> is assigned but never used. This unconnected signal will be trimmed during the optimization process.
WARNING:Xst:646 - Signal <temp<10:0>> is assigned but never used. This unconnected signal will be trimmed during the optimization process.
WARNING:Xst:1781 - Signal <inst> is used but never assigned. Tied to default value.
    Found finite state machine <FSM_0> for signal <cnt>.
    -----------------------------------------------------------------------
    | States             | 2                                              |
    | Transitions        | 2                                              |
    | Inputs             | 0                                              |
    | Outputs            | 2                                              |
    | Clock              | clk                       (rising_edge)        |
    | Clock enable       | cnt$not0000               (positive)           |
    | Power Up State     | 000                                            |
    | Encoding           | automatic                                      |
    | Implementation     | LUT                                            |
    -----------------------------------------------------------------------
    Found 8x32-bit ROM for signal <$varindex0000> created at line 67.
    Found 8-bit register for signal <led>.
    Found 2-bit up counter for signal <c3>.
    Found 2-bit up counter for signal <c4>.
    Found 2-bit up counter for signal <c5>.
    Found 2-bit up counter for signal <c6>.
    Found 3-bit up counter for signal <i>.
    Found 3-bit up counter for signal <j>.
    Found 4-bit up counter for signal <pc>.
    Found 3-bit up counter for signal <r>.
    Found 32-bit register for signal <temp>.
    Summary:
	inferred   1 Finite State Machine(s).
	inferred   1 ROM(s).
	inferred   8 Counter(s).
	inferred  40 D-type flip-flop(s).
Unit <top> synthesized.


=========================================================================
HDL Synthesis Report

Macro Statistics
# ROMs                                                 : 1
 8x32-bit ROM                                          : 1
# Counters                                             : 8
 2-bit up counter                                      : 4
 3-bit up counter                                      : 3
 4-bit up counter                                      : 1
# Registers                                            : 9
 1-bit register                                        : 8
 32-bit register                                       : 1

=========================================================================

=========================================================================
*                       Advanced HDL Synthesis                          *
=========================================================================

Analyzing FSM <FSM_0> for best encoding.
Optimizing FSM <cnt/FSM> on signal <cnt[1:3]> with user encoding.
-------------------
 State | Encoding
-------------------
 000   | 000
 001   | 001
-------------------
WARNING:Xst:2677 - Node <temp_0> of sequential type is unconnected in block <top>.
WARNING:Xst:2677 - Node <temp_1> of sequential type is unconnected in block <top>.
WARNING:Xst:2677 - Node <temp_2> of sequential type is unconnected in block <top>.
WARNING:Xst:2677 - Node <temp_3> of sequential type is unconnected in block <top>.
WARNING:Xst:2677 - Node <temp_4> of sequential type is unconnected in block <top>.
WARNING:Xst:2677 - Node <temp_5> of sequential type is unconnected in block <top>.
WARNING:Xst:2677 - Node <temp_6> of sequential type is unconnected in block <top>.
WARNING:Xst:2677 - Node <temp_7> of sequential type is unconnected in block <top>.
WARNING:Xst:2677 - Node <temp_8> of sequential type is unconnected in block <top>.
WARNING:Xst:2677 - Node <temp_9> of sequential type is unconnected in block <top>.
WARNING:Xst:2677 - Node <temp_10> of sequential type is unconnected in block <top>.
WARNING:Xst:2677 - Node <temp_21> of sequential type is unconnected in block <top>.
WARNING:Xst:2677 - Node <temp_22> of sequential type is unconnected in block <top>.
WARNING:Xst:2677 - Node <temp_23> of sequential type is unconnected in block <top>.
WARNING:Xst:2677 - Node <temp_24> of sequential type is unconnected in block <top>.
WARNING:Xst:2677 - Node <temp_25> of sequential type is unconnected in block <top>.

Synthesizing (advanced) Unit <top>.
INFO:Xst:3034 - In order to maximize performance and save block RAM resources, the small ROM <Mrom__varindex0000> will be implemented on LUT. If you want to force its implementation on block, use option/constraint rom_style.
Unit <top> synthesized (advanced).
WARNING:Xst:2677 - Node <temp_0> of sequential type is unconnected in block <top>.
WARNING:Xst:2677 - Node <temp_1> of sequential type is unconnected in block <top>.
WARNING:Xst:2677 - Node <temp_2> of sequential type is unconnected in block <top>.
WARNING:Xst:2677 - Node <temp_3> of sequential type is unconnected in block <top>.
WARNING:Xst:2677 - Node <temp_4> of sequential type is unconnected in block <top>.
WARNING:Xst:2677 - Node <temp_5> of sequential type is unconnected in block <top>.
WARNING:Xst:2677 - Node <temp_6> of sequential type is unconnected in block <top>.
WARNING:Xst:2677 - Node <temp_7> of sequential type is unconnected in block <top>.
WARNING:Xst:2677 - Node <temp_8> of sequential type is unconnected in block <top>.
WARNING:Xst:2677 - Node <temp_9> of sequential type is unconnected in block <top>.
WARNING:Xst:2677 - Node <temp_10> of sequential type is unconnected in block <top>.
WARNING:Xst:2677 - Node <temp_21> of sequential type is unconnected in block <top>.
WARNING:Xst:2677 - Node <temp_22> of sequential type is unconnected in block <top>.
WARNING:Xst:2677 - Node <temp_23> of sequential type is unconnected in block <top>.
WARNING:Xst:2677 - Node <temp_24> of sequential type is unconnected in block <top>.
WARNING:Xst:2677 - Node <temp_25> of sequential type is unconnected in block <top>.

=========================================================================
Advanced HDL Synthesis Report

Macro Statistics
# FSMs                                                 : 1
# ROMs                                                 : 1
 8x32-bit ROM                                          : 1
# Counters                                             : 8
 2-bit up counter                                      : 4
 3-bit up counter                                      : 3
 4-bit up counter                                      : 1
# Registers                                            : 24
 Flip-Flops                                            : 24

=========================================================================

=========================================================================
*                         Low Level Synthesis                           *
=========================================================================
WARNING:Xst:1710 - FF/Latch <temp_19> (without init value) has a constant value of 0 in block <top>. This FF/Latch will be trimmed during the optimization process.
WARNING:Xst:1895 - Due to other FF/Latch trimming, FF/Latch <temp_28> (without init value) has a constant value of 0 in block <top>. This FF/Latch will be trimmed during the optimization process.
WARNING:Xst:1895 - Due to other FF/Latch trimming, FF/Latch <temp_30> (without init value) has a constant value of 0 in block <top>. This FF/Latch will be trimmed during the optimization process.
WARNING:Xst:2677 - Node <j_2> of sequential type is unconnected in block <top>.
INFO:Xst:2261 - The FF/Latch <temp_26> in Unit <top> is equivalent to the following FF/Latch, which will be removed : <temp_31> 

Optimizing unit <top> ...

Mapping all equations...
Building and optimizing final netlist ...
Found area constraint ratio of 100 (+ 5) on block top, actual ratio is 0.

Final Macro Processing ...

=========================================================================
Final Register Report

Macro Statistics
# Registers                                            : 41
 Flip-Flops                                            : 41

=========================================================================

=========================================================================
*                           Partition Report                            *
=========================================================================

Partition Implementation Status
-------------------------------

  No Partitions were found in this design.

-------------------------------

=========================================================================
*                            Final Report                               *
=========================================================================
Final Results
RTL Top Level Output File Name     : top.ngr
Top Level Output File Name         : top
Output Format                      : NGC
Optimization Goal                  : Speed
Keep Hierarchy                     : No

Design Statistics
# IOs                              : 10

Cell Usage :
# BELS                             : 65
#      INV                         : 9
#      LUT2                        : 12
#      LUT2_D                      : 1
#      LUT2_L                      : 1
#      LUT3                        : 24
#      LUT3_L                      : 2
#      LUT4                        : 13
#      LUT4_L                      : 3
# FlipFlops/Latches                : 41
#      FDE                         : 41
# Clock Buffers                    : 1
#      BUFGP                       : 1
# IO Buffers                       : 9
#      IBUF                        : 1
#      OBUF                        : 8
=========================================================================

Device utilization summary:
---------------------------

Selected Device : 3s500efg320-4 

 Number of Slices:                       34  out of   4656     0%  
 Number of Slice Flip Flops:             41  out of   9312     0%  
 Number of 4 input LUTs:                 65  out of   9312     0%  
 Number of IOs:                          10
 Number of bonded IOBs:                  10  out of    232     4%  
 Number of GCLKs:                         1  out of     24     4%  

---------------------------
Partition Resource Summary:
---------------------------

  No Partitions were found in this design.

---------------------------


=========================================================================
TIMING REPORT

NOTE: THESE TIMING NUMBERS ARE ONLY A SYNTHESIS ESTIMATE.
      FOR ACCURATE TIMING INFORMATION PLEASE REFER TO THE TRACE REPORT
      GENERATED AFTER PLACE-and-ROUTE.

Clock Information:
------------------
-----------------------------------+------------------------+-------+
Clock Signal                       | Clock buffer(FF name)  | Load  |
-----------------------------------+------------------------+-------+
clk                                | BUFGP                  | 41    |
-----------------------------------+------------------------+-------+

Asynchronous Control Signals Information:
----------------------------------------
No asynchronous control signals found in this design

Timing Summary:
---------------
Speed Grade: -4

   Minimum period: 6.234ns (Maximum Frequency: 160.411MHz)
   Minimum input arrival time before clock: 3.162ns
   Maximum output required time after clock: 4.283ns
   Maximum combinational path delay: No path found

Timing Detail:
--------------
All values displayed in nanoseconds (ns)

=========================================================================
Timing constraint: Default period analysis for Clock 'clk'
  Clock period: 6.234ns (frequency: 160.411MHz)
  Total number of paths / destination ports: 458 / 82
-------------------------------------------------------------------------
Delay:               6.234ns (Levels of Logic = 3)
  Source:            pc_2 (FF)
  Destination:       c4_0 (FF)
  Source Clock:      clk rising
  Destination Clock: clk rising

  Data Path: pc_2 to c4_0
                                Gate     Net
    Cell:in->out      fanout   Delay   Delay  Logical Name (Net Name)
    ----------------------------------------  ------------
     FDE:C->Q             16   0.591   1.113  pc_2 (pc_2)
     LUT4:I1->O            6   0.704   0.673  cnt_not00011 (cnt_not0001)
     LUT4:I3->O            7   0.704   0.743  c3_not0001112 (r_not0001)
     LUT4:I2->O            2   0.704   0.447  c5_not0001 (c5_not0001)
     FDE:CE                    0.555          c5_0
    ----------------------------------------
    Total                      6.234ns (3.258ns logic, 2.976ns route)
                                       (52.3% logic, 47.7% route)

=========================================================================
Timing constraint: Default OFFSET IN BEFORE for Clock 'clk'
  Total number of paths / destination ports: 8 / 8
-------------------------------------------------------------------------
Offset:              3.162ns (Levels of Logic = 2)
  Source:            y (PAD)
  Destination:       led_1 (FF)
  Destination Clock: clk rising

  Data Path: y to led_1
                                Gate     Net
    Cell:in->out      fanout   Delay   Delay  Logical Name (Net Name)
    ----------------------------------------  ------------
     IBUF:I->O             8   1.218   0.932  y_IBUF (y_IBUF)
     LUT3:I0->O            1   0.704   0.000  led_7_mux00001 (led_7_mux0000)
     FDE:D                     0.308          led_7
    ----------------------------------------
    Total                      3.162ns (2.230ns logic, 0.932ns route)
                                       (70.5% logic, 29.5% route)

=========================================================================
Timing constraint: Default OFFSET OUT AFTER for Clock 'clk'
  Total number of paths / destination ports: 8 / 8
-------------------------------------------------------------------------
Offset:              4.283ns (Levels of Logic = 1)
  Source:            led_7 (FF)
  Destination:       led<7> (PAD)
  Source Clock:      clk rising

  Data Path: led_7 to led<7>
                                Gate     Net
    Cell:in->out      fanout   Delay   Delay  Logical Name (Net Name)
    ----------------------------------------  ------------
     FDE:C->Q              1   0.591   0.420  led_7 (led_7)
     OBUF:I->O                 3.272          led_7_OBUF (led<7>)
    ----------------------------------------
    Total                      4.283ns (3.863ns logic, 0.420ns route)
                                       (90.2% logic, 9.8% route)

=========================================================================


Total REAL time to Xst completion: 6.00 secs
Total CPU time to Xst completion: 5.63 secs
 
--> 


Total memory usage is 516788 kilobytes

Number of errors   :    0 (   0 filtered)
Number of warnings :   39 (   0 filtered)
Number of infos    :    3 (   0 filtered)

