
****** PlanAhead v14.7 (64-bit)
  **** Build 321239 by xbuild on Fri Sep 27 19:24:36 MDT 2013
    ** Copyright 1986-1999, 2001-2013 Xilinx, Inc. All Rights Reserved.

INFO: [Common 17-78] Attempting to get a license: PlanAhead
INFO: [Common 17-290] Got license for PlanAhead
INFO: [Common 17-86] Your PlanAhead license expires in -42 day(s)
INFO: [Device 21-36] Loading parts and site information from /opt/Xilinx/14.7/ISE_DS/PlanAhead/data/parts/arch.xml
Parsing RTL primitives file [/opt/Xilinx/14.7/ISE_DS/PlanAhead/data/parts/xilinx/rtl/prims/rtl_prims.xml]
Finished parsing RTL primitives file [/opt/Xilinx/14.7/ISE_DS/PlanAhead/data/parts/xilinx/rtl/prims/rtl_prims.xml]
start_gui
source /media/ssinghal/480A-D8B5/CS220Labs/Lab5/Rotary/pa.fromHdl.tcl
# create_project -name Rotary -dir "/media/ssinghal/480A-D8B5/CS220Labs/Lab5/Rotary/planAhead_run_3" -part xc3s500efg320-4
# set_param project.pinAheadLayout yes
# set srcset [get_property srcset [current_run -impl]]
# set_property target_constrs_file "top.ucf" [current_fileset -constrset]
Adding file '/media/ssinghal/480A-D8B5/CS220Labs/Lab5/Rotary/top.ucf' to fileset 'constrs_1'
# set hdlfile [add_files [list {second.v}]]
# set_property file_type Verilog $hdlfile
# set_property library work $hdlfile
# set hdlfile [add_files [list {first.v}]]
# set_property file_type Verilog $hdlfile
# set_property library work $hdlfile
# set hdlfile [add_files [list {top.v}]]
# set_property file_type Verilog $hdlfile
# set_property library work $hdlfile
# set_property top top $srcset
# add_files [list {top.ucf}] -fileset [get_property constrset [current_run]]
# open_rtl_design -part xc3s500efg320-4
Using Verific elaboration
Parsing VHDL file "/opt/Xilinx/14.7/ISE_DS/PlanAhead/data/parts/xilinx/rtl/lib/synplify/synattr.vhd" into library synplify
Analyzing Verilog file "/media/ssinghal/480A-D8B5/CS220Labs/Lab5/Rotary/second.v" into library work
Analyzing Verilog file "/media/ssinghal/480A-D8B5/CS220Labs/Lab5/Rotary/first.v" into library work
Analyzing Verilog file "/media/ssinghal/480A-D8B5/CS220Labs/Lab5/Rotary/top.v" into library work
INFO: [Designutils 20-910] Reading macro library /opt/Xilinx/14.7/ISE_DS/PlanAhead/data/./parts/xilinx/spartan3e/spartan3e/hd_int_macros.edn
Parsing EDIF File [/opt/Xilinx/14.7/ISE_DS/PlanAhead/data/./parts/xilinx/spartan3e/spartan3e/hd_int_macros.edn]
Finished Parsing EDIF File [/opt/Xilinx/14.7/ISE_DS/PlanAhead/data/./parts/xilinx/spartan3e/spartan3e/hd_int_macros.edn]
Loading clock regions from /opt/Xilinx/14.7/ISE_DS/PlanAhead/data/parts/xilinx/spartan3e/spartan3e/xc3s500e/ClockRegion.xml
Loading clock buffers from /opt/Xilinx/14.7/ISE_DS/PlanAhead/data/parts/xilinx/spartan3e/spartan3e/xc3s500e/ClockBuffers.xml
Loading package from /opt/Xilinx/14.7/ISE_DS/PlanAhead/data/parts/xilinx/spartan3e/spartan3e/xc3s500e/fg320/Package.xml
Loading io standards from /opt/Xilinx/14.7/ISE_DS/PlanAhead/data/./parts/xilinx/spartan3e/IOStandards.xml
INFO: [Device 21-19] Loading pkg sso from /opt/Xilinx/14.7/ISE_DS/PlanAhead/data/parts/xilinx/spartan3e/spartan3e/xc3s500e/fg320/SSORules.xml
Loading list of drcs for the architecture : /opt/Xilinx/14.7/ISE_DS/PlanAhead/data/./parts/xilinx/spartan3e/spartan3e/drc.xml
INFO: [Timing 38-77] Reading timing library /opt/Xilinx/14.7/ISE_DS/PlanAhead/data/parts/xilinx/spartan3e/spartan3e/spartan3e-4.lib.
INFO: [Timing 38-34] Done reading timing library /opt/Xilinx/14.7/ISE_DS/PlanAhead/data/parts/xilinx/spartan3e/spartan3e/spartan3e-4.lib.
Parsing UCF File [/media/ssinghal/480A-D8B5/CS220Labs/Lab5/Rotary/top.ucf]
CRITICAL WARNING: [Constraints 18-5] Cannot loc instance 'u1/rot_dir' at site F9, Unknown instance type 'RTL_FDRSE' [/media/ssinghal/480A-D8B5/CS220Labs/Lab5/Rotary/top.ucf:37]
CRITICAL WARNING: [Constraints 18-5] Cannot loc instance 'u1/rot_event' at site E9, Unknown instance type 'RTL_FDRSE' [/media/ssinghal/480A-D8B5/CS220Labs/Lab5/Rotary/top.ucf:38]
INFO: [Constraints 18-98] IO constraint IOSTANDARD with a setting of LVTTL for net rot_dir will not be propagated through the buffer. The constraint should be associated with the net that is connected to the top level port. [/media/ssinghal/480A-D8B5/CS220Labs/Lab5/Rotary/top.ucf:42]
Finished Parsing UCF File [/media/ssinghal/480A-D8B5/CS220Labs/Lab5/Rotary/top.ucf]
INFO: [Designutils 20-20] Invalid constraints found, use command 'write_ucf -constraints invalid <file>' to save all the invalid constraints to a file
INFO: [Project 1-111] Unisim Transformation Summary:
No Unisim elements were transformed.

Phase 0 | Netlist Checksum: e0f8f73b
open_rtl_design: Time (s): cpu = 00:00:13 ; elapsed = 00:00:05 . Memory (MB): peak = 2827.301 ; gain = 153.246
update_compile_order -fileset sim_1
exit
ERROR: [Common 17-39] 'stop_gui' failed due to earlier errors.
INFO: [Common 17-206] Exiting PlanAhead at Mon Feb 11 15:08:06 2019...
INFO: [Common 17-83] Releasing license: PlanAhead
