#-----------------------------------------------------------
# PlanAhead v14.7 (64-bit)
# Build 321239 by xbuild on Fri Sep 27 19:24:36 MDT 2013
# Start of session at: Mon Mar 11 16:28:49 2019
# Process ID: 31617
# Log file: /media/paramvir/480A-D8B5/CS220Labs/Lab8/register/planAhead_run_3/planAhead.log
# Journal file: /media/paramvir/480A-D8B5/CS220Labs/Lab8/register/planAhead_run_3/planAhead.jou
#-----------------------------------------------------------
INFO: [Common 17-78] Attempting to get a license: PlanAhead
INFO: [Common 17-290] Got license for PlanAhead
INFO: [Common 17-86] Your PlanAhead license expires in -70 day(s)
INFO: [Device 21-36] Loading parts and site information from /opt/Xilinx/14.7/ISE_DS/PlanAhead/data/parts/arch.xml
Parsing RTL primitives file [/opt/Xilinx/14.7/ISE_DS/PlanAhead/data/parts/xilinx/rtl/prims/rtl_prims.xml]
Finished parsing RTL primitives file [/opt/Xilinx/14.7/ISE_DS/PlanAhead/data/parts/xilinx/rtl/prims/rtl_prims.xml]
start_gui
source /media/paramvir/480A-D8B5/CS220Labs/Lab8/register/pa.fromNetlist.tcl
# create_project -name register -dir "/media/paramvir/480A-D8B5/CS220Labs/Lab8/register/planAhead_run_3" -part xc3s500efg320-4
# set_property design_mode GateLvl [get_property srcset [current_run -impl]]
INFO: [Common 17-41] Interrupt caught. Command should exit soon.
INFO: [Common 17-344] 'source' was cancelled
exit
ERROR: [#UNDEF] *** Exception: ui.h.b: Found deleted key in HTclEventBroker. Verify if the classes listed here call cleanup()
HTclEvent: DEBUG_PORT_CONFIG_CHANGE   Classes: ui.views.aR 
HTclEvent: SIGNAL_MODIFY   Classes: ui.views.aR 
HTclEvent: SIGNAL_BUS_MODIFY   Classes: ui.views.aR 
HTclEvent: DEBUG_CORE_CONFIG_CHANGE   Classes: ui.views.aR 
 (See /media/paramvir/480A-D8B5/CS220Labs/Lab8/register/planAhead_pid31617.debug)
ERROR: [Common 17-39] 'stop_gui' failed due to earlier errors.
INFO: [Common 17-206] Exiting PlanAhead at Mon Mar 11 16:29:13 2019...
INFO: [Common 17-83] Releasing license: PlanAhead
