Running: /opt/Xilinx/14.7/ISE_DS/ISE/bin/lin64/unwrapped/fuse -intstyle ise -incremental -lib unisims_ver -lib unimacro_ver -lib xilinxcorelib_ver -o /media/paramvir/786F-1E38/CS220Labs/Lab2_2/seven_bit_adder/top_module_isim_beh.exe -prj /media/paramvir/786F-1E38/CS220Labs/Lab2_2/seven_bit_adder/top_module_beh.prj work.top_module work.glbl 
ISim P.20131013 (signature 0xfbc00daa)
Number of CPUs detected in this system: 8
Turning on mult-threading, number of parallel sub-compilation jobs: 16 
Determining compilation order of HDL files
Analyzing Verilog file "/media/paramvir/786F-1E38/CS220Labs/Lab2_2/seven_bit_adder/full_adder.v" into library work
Analyzing Verilog file "/media/paramvir/786F-1E38/CS220Labs/Lab2_2/seven_bit_adder/seven_bit_adder.v" into library work
Analyzing Verilog file "/media/paramvir/786F-1E38/CS220Labs/Lab2_2/seven_bit_adder/top_module.v" into library work
Analyzing Verilog file "/opt/Xilinx/14.7/ISE_DS/ISE//verilog/src/glbl.v" into library work
Starting static elaboration
Completed static elaboration
Fuse Memory Usage: 94624 KB
Fuse CPU Usage: 1020 ms
Compiling module full_adder
Compiling module seven_bit_adder
Compiling module top_module
Compiling module glbl
Time Resolution for simulation is 1ps.
Waiting for 1 sub-compilation(s) to finish...
Compiled 4 Verilog Units
Built simulation executable /media/paramvir/786F-1E38/CS220Labs/Lab2_2/seven_bit_adder/top_module_isim_beh.exe
Fuse Memory Usage: 1179140 KB
Fuse CPU Usage: 1040 ms
GCC CPU Usage: 360 ms
