--------------------------------------------------------------------------------
Release 14.7 Trace  (lin64)
Copyright (c) 1995-2013 Xilinx, Inc.  All rights reserved.

/opt/Xilinx/14.7/ISE_DS/ISE/bin/lin64/unwrapped/trce -intstyle ise -v 3 -s 4 -n
3 -fastpaths -xml seven_bit_adder.twx seven_bit_adder.ncd -o
seven_bit_adder.twr seven_bit_adder.pcf -ucf seven_bit_adder.ucf

Design file:              seven_bit_adder.ncd
Physical constraint file: seven_bit_adder.pcf
Device,package,speed:     xc3s500e,fg320,-4 (PRODUCTION 1.27 2013-10-13)
Report level:             verbose report

Environment Variable      Effect 
--------------------      ------ 
NONE                      No environment variables were set
--------------------------------------------------------------------------------

INFO:Timing:2698 - No timing constraints found, doing default enumeration.
INFO:Timing:3412 - To improve timing, see the Timing Closure User Guide (UG612).
INFO:Timing:2752 - To get complete path coverage, use the unconstrained paths 
   option. All paths that are not constrained will be reported in the 
   unconstrained paths section(s) of the report.
INFO:Timing:3339 - The clock-to-out numbers in this timing report are based on 
   a 50 Ohm transmission line loading model.  For the details of this model, 
   and for more information on accounting for different loading conditions, 
   please see the device datasheet.
INFO:Timing:3390 - This architecture does not support a default System Jitter 
   value, please add SYSTEM_JITTER constraint to the UCF to modify the Clock 
   Uncertainty calculation.
INFO:Timing:3389 - This architecture does not support 'Discrete Jitter' and 
   'Phase Error' calculations, these terms will be zero in the Clock 
   Uncertainty calculation.  Please make appropriate modification to 
   SYSTEM_JITTER to account for the unsupported Discrete Jitter and Phase 
   Error.



Data Sheet report:
-----------------
All values displayed in nanoseconds (ns)

Setup/Hold to clock pb1
------------+------------+------------+------------------+--------+
            |Max Setup to|Max Hold to |                  | Clock  |
Source      | clk (edge) | clk (edge) |Internal Clock(s) | Phase  |
------------+------------+------------+------------------+--------+
y<0>        |   -0.080(R)|    1.720(R)|pb1_BUFGP         |   0.000|
y<1>        |    0.811(R)|    1.008(R)|pb1_BUFGP         |   0.000|
y<2>        |   -0.491(R)|    2.050(R)|pb1_BUFGP         |   0.000|
y<3>        |    0.445(R)|    1.301(R)|pb1_BUFGP         |   0.000|
------------+------------+------------+------------------+--------+

Setup/Hold to clock pb2
------------+------------+------------+------------------+--------+
            |Max Setup to|Max Hold to |                  | Clock  |
Source      | clk (edge) | clk (edge) |Internal Clock(s) | Phase  |
------------+------------+------------+------------------+--------+
y<0>        |    0.592(R)|    1.487(R)|pb2_BUFGP         |   0.000|
y<1>        |    0.624(R)|    1.461(R)|pb2_BUFGP         |   0.000|
y<2>        |    0.836(R)|    1.301(R)|pb2_BUFGP         |   0.000|
------------+------------+------------+------------------+--------+

Setup/Hold to clock pb3
------------+------------+------------+------------------+--------+
            |Max Setup to|Max Hold to |                  | Clock  |
Source      | clk (edge) | clk (edge) |Internal Clock(s) | Phase  |
------------+------------+------------+------------------+--------+
y<0>        |   -0.693(R)|    2.840(R)|pb3_BUFGP         |   0.000|
y<1>        |   -0.081(R)|    2.350(R)|pb3_BUFGP         |   0.000|
y<2>        |   -1.331(R)|    3.353(R)|pb3_BUFGP         |   0.000|
y<3>        |   -0.668(R)|    2.822(R)|pb3_BUFGP         |   0.000|
------------+------------+------------+------------------+--------+

Setup/Hold to clock pb4
------------+------------+------------+------------------+--------+
            |Max Setup to|Max Hold to |                  | Clock  |
Source      | clk (edge) | clk (edge) |Internal Clock(s) | Phase  |
------------+------------+------------+------------------+--------+
y<0>        |    1.046(R)|    1.181(R)|pb4_BUFGP         |   0.000|
y<1>        |    1.104(R)|    1.135(R)|pb4_BUFGP         |   0.000|
y<2>        |    0.708(R)|    1.461(R)|pb4_BUFGP         |   0.000|
------------+------------+------------+------------------+--------+

Clock pb1 to Pad
------------+------------+------------------+--------+
            | clk (edge) |                  | Clock  |
Destination |   to PAD   |Internal Clock(s) | Phase  |
------------+------------+------------------+--------+
cout        |   17.804(R)|pb1_BUFGP         |   0.000|
sum<0>      |   11.131(R)|pb1_BUFGP         |   0.000|
sum<1>      |   11.143(R)|pb1_BUFGP         |   0.000|
sum<2>      |   13.114(R)|pb1_BUFGP         |   0.000|
sum<3>      |   13.874(R)|pb1_BUFGP         |   0.000|
sum<4>      |   14.994(R)|pb1_BUFGP         |   0.000|
sum<5>      |   15.553(R)|pb1_BUFGP         |   0.000|
sum<6>      |   17.473(R)|pb1_BUFGP         |   0.000|
------------+------------+------------------+--------+

Clock pb2 to Pad
------------+------------+------------------+--------+
            | clk (edge) |                  | Clock  |
Destination |   to PAD   |Internal Clock(s) | Phase  |
------------+------------+------------------+--------+
cout        |   15.390(R)|pb2_BUFGP         |   0.000|
sum<4>      |   11.769(R)|pb2_BUFGP         |   0.000|
sum<5>      |   13.107(R)|pb2_BUFGP         |   0.000|
sum<6>      |   15.059(R)|pb2_BUFGP         |   0.000|
------------+------------+------------------+--------+

Clock pb3 to Pad
------------+------------+------------------+--------+
            | clk (edge) |                  | Clock  |
Destination |   to PAD   |Internal Clock(s) | Phase  |
------------+------------+------------------+--------+
cout        |   19.475(R)|pb3_BUFGP         |   0.000|
sum<0>      |   12.865(R)|pb3_BUFGP         |   0.000|
sum<1>      |   12.917(R)|pb3_BUFGP         |   0.000|
sum<2>      |   14.785(R)|pb3_BUFGP         |   0.000|
sum<3>      |   15.545(R)|pb3_BUFGP         |   0.000|
sum<4>      |   16.665(R)|pb3_BUFGP         |   0.000|
sum<5>      |   17.224(R)|pb3_BUFGP         |   0.000|
sum<6>      |   19.144(R)|pb3_BUFGP         |   0.000|
------------+------------+------------------+--------+

Clock pb4 to Pad
------------+------------+------------------+--------+
            | clk (edge) |                  | Clock  |
Destination |   to PAD   |Internal Clock(s) | Phase  |
------------+------------+------------------+--------+
cout        |   15.960(R)|pb4_BUFGP         |   0.000|
sum<4>      |   11.974(R)|pb4_BUFGP         |   0.000|
sum<5>      |   13.677(R)|pb4_BUFGP         |   0.000|
sum<6>      |   15.629(R)|pb4_BUFGP         |   0.000|
------------+------------+------------------+--------+


Analysis completed Mon Jan 21 16:25:47 2019 
--------------------------------------------------------------------------------

Trace Settings:
-------------------------
Trace Settings 

Peak Memory Usage: 347 MB



