Release 14.7 - xst P.20131013 (lin64)
Copyright (c) 1995-2013 Xilinx, Inc.  All rights reserved.
--> 
Parameter TMPDIR set to xst/projnav.tmp


Total REAL time to Xst completion: 0.00 secs
Total CPU time to Xst completion: 0.08 secs
 
--> 
Parameter xsthdpdir set to xst


Total REAL time to Xst completion: 0.00 secs
Total CPU time to Xst completion: 0.08 secs
 
--> 
Reading design: top.prj

TABLE OF CONTENTS
  1) Synthesis Options Summary
  2) HDL Compilation
  3) Design Hierarchy Analysis
  4) HDL Analysis
  5) HDL Synthesis
     5.1) HDL Synthesis Report
  6) Advanced HDL Synthesis
     6.1) Advanced HDL Synthesis Report
  7) Low Level Synthesis
  8) Partition Report
  9) Final Report
	9.1) Device utilization summary
	9.2) Partition Resource Summary
	9.3) TIMING REPORT


=========================================================================
*                      Synthesis Options Summary                        *
=========================================================================
---- Source Parameters
Input File Name                    : "top.prj"
Input Format                       : mixed
Ignore Synthesis Constraint File   : NO

---- Target Parameters
Output File Name                   : "top"
Output Format                      : NGC
Target Device                      : xc3s500e-4-fg320

---- Source Options
Top Module Name                    : top
Automatic FSM Extraction           : YES
FSM Encoding Algorithm             : Auto
Safe Implementation                : No
FSM Style                          : LUT
RAM Extraction                     : Yes
RAM Style                          : Auto
ROM Extraction                     : Yes
Mux Style                          : Auto
Decoder Extraction                 : YES
Priority Encoder Extraction        : Yes
Shift Register Extraction          : YES
Logical Shifter Extraction         : YES
XOR Collapsing                     : YES
ROM Style                          : Auto
Mux Extraction                     : Yes
Resource Sharing                   : YES
Asynchronous To Synchronous        : NO
Multiplier Style                   : Auto
Automatic Register Balancing       : No

---- Target Options
Add IO Buffers                     : YES
Global Maximum Fanout              : 500
Add Generic Clock Buffer(BUFG)     : 24
Register Duplication               : YES
Slice Packing                      : YES
Optimize Instantiated Primitives   : NO
Use Clock Enable                   : Yes
Use Synchronous Set                : Yes
Use Synchronous Reset              : Yes
Pack IO Registers into IOBs        : Auto
Equivalent register Removal        : YES

---- General Options
Optimization Goal                  : Speed
Optimization Effort                : 1
Keep Hierarchy                     : No
Netlist Hierarchy                  : As_Optimized
RTL Output                         : Yes
Global Optimization                : AllClockNets
Read Cores                         : YES
Write Timing Constraints           : NO
Cross Clock Analysis               : NO
Hierarchy Separator                : /
Bus Delimiter                      : <>
Case Specifier                     : Maintain
Slice Utilization Ratio            : 100
BRAM Utilization Ratio             : 100
Verilog 2001                       : YES
Auto BRAM Packing                  : NO
Slice Utilization Ratio Delta      : 5

=========================================================================


=========================================================================
*                          HDL Compilation                              *
=========================================================================
Compiling verilog file "second.v" in library work
Compiling verilog file "first.v" in library work
Module <second> compiled
Compiling verilog file "top.v" in library work
Module <first> compiled
Module <top> compiled
No errors in compilation
Analysis of file <"top.prj"> succeeded.
 

=========================================================================
*                     Design Hierarchy Analysis                         *
=========================================================================
Analyzing hierarchy for module <top> in library <work>.

Analyzing hierarchy for module <first> in library <work>.

Analyzing hierarchy for module <second> in library <work>.


=========================================================================
*                            HDL Analysis                               *
=========================================================================
Analyzing top module <top>.
Module <top> is correct for synthesis.
 
Analyzing module <first> in library <work>.
Module <first> is correct for synthesis.
 
Analyzing module <second> in library <work>.
Module <second> is correct for synthesis.
 

=========================================================================
*                           HDL Synthesis                               *
=========================================================================

Performing bidirectional port resolution...

Synthesizing Unit <first>.
    Related source file is "first.v".
    Found 1-bit register for signal <rot_event>.
    Summary:
	inferred   1 D-type flip-flop(s).
Unit <first> synthesized.


Synthesizing Unit <second>.
    Related source file is "second.v".
WARNING:Xst:1781 - Signal <ROM> is used but never assigned. Tied to default value.
    Found 13x3-bit ROM for signal <$varindex0000> created at line 67.
    Found 4-bit register for signal <led>.
    Found 41-bit up counter for signal <cnt>.
    Found 41-bit comparator equal for signal <cnt$or0000>.
    Found 4-bit adder for signal <led$addsub0000> created at line 79.
    Found 41-bit comparator not equal for signal <led$cmp_ne0005> created at line 76.
    Found 1-bit register for signal <prev>.
    Found 4-bit register for signal <prevs>.
    Summary:
	inferred   1 ROM(s).
	inferred   1 Counter(s).
	inferred   9 D-type flip-flop(s).
	inferred   1 Adder/Subtractor(s).
	inferred   2 Comparator(s).
Unit <second> synthesized.


Synthesizing Unit <top>.
    Related source file is "top.v".
Unit <top> synthesized.


=========================================================================
HDL Synthesis Report

Macro Statistics
# ROMs                                                 : 1
 13x3-bit ROM                                          : 1
# Adders/Subtractors                                   : 1
 4-bit adder                                           : 1
# Counters                                             : 1
 41-bit up counter                                     : 1
# Registers                                            : 4
 1-bit register                                        : 2
 4-bit register                                        : 2
# Comparators                                          : 2
 41-bit comparator equal                               : 1
 41-bit comparator not equal                           : 1

=========================================================================

=========================================================================
*                       Advanced HDL Synthesis                          *
=========================================================================


Synthesizing (advanced) Unit <second>.
INFO:Xst:3034 - In order to maximize performance and save block RAM resources, the small ROM <Mrom__varindex0000> will be implemented on LUT. If you want to force its implementation on block, use option/constraint rom_style.
Unit <second> synthesized (advanced).

=========================================================================
Advanced HDL Synthesis Report

Macro Statistics
# ROMs                                                 : 1
 13x3-bit ROM                                          : 1
# Adders/Subtractors                                   : 1
 4-bit adder                                           : 1
# Counters                                             : 1
 41-bit up counter                                     : 1
# Registers                                            : 10
 Flip-Flops                                            : 10
# Comparators                                          : 2
 41-bit comparator equal                               : 1
 41-bit comparator not equal                           : 1

=========================================================================

=========================================================================
*                         Low Level Synthesis                           *
=========================================================================

Optimizing unit <top> ...

Optimizing unit <second> ...

Mapping all equations...
Building and optimizing final netlist ...
Found area constraint ratio of 100 (+ 5) on block top, actual ratio is 0.

Final Macro Processing ...

=========================================================================
Final Register Report

Macro Statistics
# Registers                                            : 51
 Flip-Flops                                            : 51

=========================================================================

=========================================================================
*                           Partition Report                            *
=========================================================================

Partition Implementation Status
-------------------------------

  No Partitions were found in this design.

-------------------------------

=========================================================================
*                            Final Report                               *
=========================================================================
Final Results
RTL Top Level Output File Name     : top.ngr
Top Level Output File Name         : top
Output Format                      : NGC
Optimization Goal                  : Speed
Keep Hierarchy                     : No

Design Statistics
# IOs                              : 9

Cell Usage :
# BELS                             : 161
#      GND                         : 1
#      INV                         : 2
#      LUT1                        : 40
#      LUT2                        : 4
#      LUT3                        : 2
#      LUT4                        : 17
#      MUXCY                       : 51
#      MUXF5                       : 2
#      VCC                         : 1
#      XORCY                       : 41
# FlipFlops/Latches                : 51
#      FD                          : 1
#      FDE                         : 8
#      FDR                         : 41
#      FDRE                        : 1
# Clock Buffers                    : 1
#      BUFGP                       : 1
# IO Buffers                       : 8
#      IBUF                        : 4
#      OBUF                        : 4
=========================================================================

Device utilization summary:
---------------------------

Selected Device : 3s500efg320-4 

 Number of Slices:                       36  out of   4656     0%  
 Number of Slice Flip Flops:             51  out of   9312     0%  
 Number of 4 input LUTs:                 65  out of   9312     0%  
 Number of IOs:                           9
 Number of bonded IOBs:                   9  out of    232     3%  
 Number of GCLKs:                         1  out of     24     4%  

---------------------------
Partition Resource Summary:
---------------------------

  No Partitions were found in this design.

---------------------------


=========================================================================
TIMING REPORT

NOTE: THESE TIMING NUMBERS ARE ONLY A SYNTHESIS ESTIMATE.
      FOR ACCURATE TIMING INFORMATION PLEASE REFER TO THE TRACE REPORT
      GENERATED AFTER PLACE-and-ROUTE.

Clock Information:
------------------
-----------------------------------+------------------------+-------+
Clock Signal                       | Clock buffer(FF name)  | Load  |
-----------------------------------+------------------------+-------+
clk                                | BUFGP                  | 51    |
-----------------------------------+------------------------+-------+

Asynchronous Control Signals Information:
----------------------------------------
No asynchronous control signals found in this design

Timing Summary:
---------------
Speed Grade: -4

   Minimum period: 6.559ns (Maximum Frequency: 152.454MHz)
   Minimum input arrival time before clock: 4.516ns
   Maximum output required time after clock: 4.310ns
   Maximum combinational path delay: No path found

Timing Detail:
--------------
All values displayed in nanoseconds (ns)

=========================================================================
Timing constraint: Default period analysis for Clock 'clk'
  Clock period: 6.559ns (frequency: 152.454MHz)
  Total number of paths / destination ports: 2915 / 99
-------------------------------------------------------------------------
Delay:               6.559ns (Levels of Logic = 13)
  Source:            u2/cnt_0 (FF)
  Destination:       u2/prevs_3 (FF)
  Source Clock:      clk rising
  Destination Clock: clk rising

  Data Path: u2/cnt_0 to u2/prevs_3
                                Gate     Net
    Cell:in->out      fanout   Delay   Delay  Logical Name (Net Name)
    ----------------------------------------  ------------
     FDR:C->Q              2   0.591   0.622  u2/cnt_0 (u2/cnt_0)
     LUT4:I0->O            1   0.704   0.000  u2/Mcompar_cnt_or0000_lut<0> (u2/Mcompar_cnt_or0000_lut<0>)
     MUXCY:S->O            1   0.464   0.000  u2/Mcompar_cnt_or0000_cy<0> (u2/Mcompar_cnt_or0000_cy<0>)
     MUXCY:CI->O           1   0.059   0.000  u2/Mcompar_cnt_or0000_cy<1> (u2/Mcompar_cnt_or0000_cy<1>)
     MUXCY:CI->O           1   0.059   0.000  u2/Mcompar_cnt_or0000_cy<2> (u2/Mcompar_cnt_or0000_cy<2>)
     MUXCY:CI->O           1   0.059   0.000  u2/Mcompar_cnt_or0000_cy<3> (u2/Mcompar_cnt_or0000_cy<3>)
     MUXCY:CI->O           1   0.059   0.000  u2/Mcompar_cnt_or0000_cy<4> (u2/Mcompar_cnt_or0000_cy<4>)
     MUXCY:CI->O           1   0.059   0.000  u2/Mcompar_cnt_or0000_cy<5> (u2/Mcompar_cnt_or0000_cy<5>)
     MUXCY:CI->O           1   0.059   0.000  u2/Mcompar_cnt_or0000_cy<6> (u2/Mcompar_cnt_or0000_cy<6>)
     MUXCY:CI->O           1   0.059   0.000  u2/Mcompar_cnt_or0000_cy<7> (u2/Mcompar_cnt_or0000_cy<7>)
     MUXCY:CI->O           1   0.059   0.000  u2/Mcompar_cnt_or0000_cy<8> (u2/Mcompar_cnt_or0000_cy<8>)
     MUXCY:CI->O           1   0.059   0.000  u2/Mcompar_cnt_or0000_cy<9> (u2/Mcompar_cnt_or0000_cy<9>)
     MUXCY:CI->O          42   0.331   1.300  u2/Mcompar_cnt_or0000_cy<10> (u2/Mcompar_cnt_or0000_cy<10>)
     LUT3:I2->O            8   0.704   0.757  u2/led_not00011 (u2/led_not0001)
     FDE:CE                    0.555          u2/led_0
    ----------------------------------------
    Total                      6.559ns (3.880ns logic, 2.679ns route)
                                       (59.2% logic, 40.8% route)

=========================================================================
Timing constraint: Default OFFSET IN BEFORE for Clock 'clk'
  Total number of paths / destination ports: 13 / 5
-------------------------------------------------------------------------
Offset:              4.516ns (Levels of Logic = 4)
  Source:            y<0> (PAD)
  Destination:       u2/led_2 (FF)
  Destination Clock: clk rising

  Data Path: y<0> to u2/led_2
                                Gate     Net
    Cell:in->out      fanout   Delay   Delay  Logical Name (Net Name)
    ----------------------------------------  ------------
     IBUF:I->O             4   1.218   0.762  y_0_IBUF (y_0_IBUF)
     LUT2:I0->O            1   0.704   0.499  u2/led_mux0000<1>0 (u2/led_mux0000<1>0)
     LUT4:I1->O            1   0.704   0.000  u2/led_mux0000<1>53_G (N6)
     MUXF5:I1->O           1   0.321   0.000  u2/led_mux0000<1>53 (u2/led_mux0000<1>)
     FDE:D                     0.308          u2/led_2
    ----------------------------------------
    Total                      4.516ns (3.255ns logic, 1.261ns route)
                                       (72.1% logic, 27.9% route)

=========================================================================
Timing constraint: Default OFFSET OUT AFTER for Clock 'clk'
  Total number of paths / destination ports: 4 / 4
-------------------------------------------------------------------------
Offset:              4.310ns (Levels of Logic = 1)
  Source:            u2/led_3 (FF)
  Destination:       led<3> (PAD)
  Source Clock:      clk rising

  Data Path: u2/led_3 to led<3>
                                Gate     Net
    Cell:in->out      fanout   Delay   Delay  Logical Name (Net Name)
    ----------------------------------------  ------------
     FDE:C->Q              2   0.591   0.447  u2/led_3 (u2/led_3)
     OBUF:I->O                 3.272          led_3_OBUF (led<3>)
    ----------------------------------------
    Total                      4.310ns (3.863ns logic, 0.447ns route)
                                       (89.6% logic, 10.4% route)

=========================================================================


Total REAL time to Xst completion: 7.00 secs
Total CPU time to Xst completion: 6.54 secs
 
--> 


Total memory usage is 516004 kilobytes

Number of errors   :    0 (   0 filtered)
Number of warnings :    1 (   0 filtered)
Number of infos    :    1 (   0 filtered)

