#-----------------------------------------------------------
# PlanAhead v14.7 (64-bit)
# Build 321239 by xbuild on Fri Sep 27 19:24:36 MDT 2013
# Start of session at: Mon Feb  4 14:54:01 2019
# Process ID: 5411
# Log file: /media/ssinghal/480A-D8B5/CS220Labs/Lab4/lcd/planAhead_run_1/planAhead.log
# Journal file: /media/ssinghal/480A-D8B5/CS220Labs/Lab4/lcd/planAhead_run_1/planAhead.jou
#-----------------------------------------------------------
INFO: [Common 17-78] Attempting to get a license: PlanAhead
INFO: [Common 17-290] Got license for PlanAhead
INFO: [Common 17-86] Your PlanAhead license expires in -35 day(s)
INFO: [Device 21-36] Loading parts and site information from /opt/Xilinx/14.7/ISE_DS/PlanAhead/data/parts/arch.xml
Parsing RTL primitives file [/opt/Xilinx/14.7/ISE_DS/PlanAhead/data/parts/xilinx/rtl/prims/rtl_prims.xml]
Finished parsing RTL primitives file [/opt/Xilinx/14.7/ISE_DS/PlanAhead/data/parts/xilinx/rtl/prims/rtl_prims.xml]
start_gui
source /media/ssinghal/480A-D8B5/CS220Labs/Lab4/lcd/pa.fromHdl.tcl
# create_project -name lcd -dir "/media/ssinghal/480A-D8B5/CS220Labs/Lab4/lcd/planAhead_run_1" -part xc3s500efg320-4
# set_param project.pinAheadLayout yes
# set srcset [get_property srcset [current_run -impl]]
# set_property target_constrs_file "top.ucf" [current_fileset -constrset]
Adding file '/media/ssinghal/480A-D8B5/CS220Labs/Lab4/lcd/top.ucf' to fileset 'constrs_1'
# set hdlfile [add_files [list {driver.v}]]
# set_property file_type Verilog $hdlfile
# set_property library work $hdlfile
# set hdlfile [add_files [list {top.v}]]
# set_property file_type Verilog $hdlfile
# set_property library work $hdlfile
# set_property top top $srcset
# add_files [list {top.ucf}] -fileset [get_property constrset [current_run]]
# open_rtl_design -part xc3s500efg320-4
Using Verific elaboration
Parsing VHDL file "/opt/Xilinx/14.7/ISE_DS/PlanAhead/data/parts/xilinx/rtl/lib/synplify/synattr.vhd" into library synplify
Analyzing Verilog file "/media/ssinghal/480A-D8B5/CS220Labs/Lab4/lcd/driver.v" into library work
Analyzing Verilog file "/media/ssinghal/480A-D8B5/CS220Labs/Lab4/lcd/top.v" into library work
INFO: [Designutils 20-910] Reading macro library /opt/Xilinx/14.7/ISE_DS/PlanAhead/data/./parts/xilinx/spartan3e/spartan3e/hd_int_macros.edn
Parsing EDIF File [/opt/Xilinx/14.7/ISE_DS/PlanAhead/data/./parts/xilinx/spartan3e/spartan3e/hd_int_macros.edn]
Finished Parsing EDIF File [/opt/Xilinx/14.7/ISE_DS/PlanAhead/data/./parts/xilinx/spartan3e/spartan3e/hd_int_macros.edn]
Loading clock regions from /opt/Xilinx/14.7/ISE_DS/PlanAhead/data/parts/xilinx/spartan3e/spartan3e/xc3s500e/ClockRegion.xml
Loading clock buffers from /opt/Xilinx/14.7/ISE_DS/PlanAhead/data/parts/xilinx/spartan3e/spartan3e/xc3s500e/ClockBuffers.xml
Loading package from /opt/Xilinx/14.7/ISE_DS/PlanAhead/data/parts/xilinx/spartan3e/spartan3e/xc3s500e/fg320/Package.xml
Loading io standards from /opt/Xilinx/14.7/ISE_DS/PlanAhead/data/./parts/xilinx/spartan3e/IOStandards.xml
INFO: [Device 21-19] Loading pkg sso from /opt/Xilinx/14.7/ISE_DS/PlanAhead/data/parts/xilinx/spartan3e/spartan3e/xc3s500e/fg320/SSORules.xml
Loading list of drcs for the architecture : /opt/Xilinx/14.7/ISE_DS/PlanAhead/data/./parts/xilinx/spartan3e/spartan3e/drc.xml
INFO: [Timing 38-77] Reading timing library /opt/Xilinx/14.7/ISE_DS/PlanAhead/data/parts/xilinx/spartan3e/spartan3e/spartan3e-4.lib.
INFO: [Timing 38-34] Done reading timing library /opt/Xilinx/14.7/ISE_DS/PlanAhead/data/parts/xilinx/spartan3e/spartan3e/spartan3e-4.lib.
Parsing UCF File [/media/ssinghal/480A-D8B5/CS220Labs/Lab4/lcd/top.ucf]
Finished Parsing UCF File [/media/ssinghal/480A-D8B5/CS220Labs/Lab4/lcd/top.ucf]
INFO: [Project 1-111] Unisim Transformation Summary:
No Unisim elements were transformed.

Phase 0 | Netlist Checksum: 1aa22373
open_rtl_design: Time (s): cpu = 00:00:13 ; elapsed = 00:00:07 . Memory (MB): peak = 2788.523 ; gain = 123.637
update_compile_order -fileset sim_1
startgroup
set_property package_pin M15 [get_ports {data[3]}]
endgroup
startgroup
set_property package_pin P17 [get_ports {data[2]}]
endgroup
startgroup
set_property package_pin P17 [get_ports {data[2]}]
endgroup
startgroup
set_property package_pin R16 [get_ports {data[1]}]
endgroup
startgroup
set_property package_pin R15 [get_ports {data[0]}]
endgroup
startgroup
set_property package_pin C9 [get_ports clk]
endgroup
startgroup
set_property package_pin M18 [get_ports LCD_E]
endgroup
startgroup
set_property package_pin L18 [get_ports LCD_RS]
endgroup
startgroup
set_property package_pin L17 [get_ports LCD_W]
endgroup
startgroup
set_property package_pin C9 [get_ports clk]
endgroup
set_property is_loc_fixed false [get_ports [list  {data[0]}]]
set_property iostandard LVCMOS33 [get_ports [list {data[3]} {data[2]} {data[1]} {data[0]}]]
set_property iostandard LVCMOS33 [get_ports [list clk]]
set_property iostandard LVCMOS33 [get_ports [list LCD_E]]
set_property iostandard LVCMOS33 [get_ports [list LCD_W]]
set_property iostandard LVCMOS33 [get_ports [list LCD_RS]]
set_property drive 4 [get_ports [list {data[3]} {data[2]} {data[1]} {data[0]}]]
set_property drive 4 [get_ports [list LCD_E]]
set_property drive 4 [get_ports [list LCD_RS]]
set_property drive 4 [get_ports [list LCD_W]]
save_constraints
exit
ERROR: [#UNDEF] *** Exception: ui.h.b: Found deleted key in HTclEventBroker. Verify if the classes listed here call cleanup()
HTclEvent: DEBUG_PORT_CONFIG_CHANGE   Classes: ui.views.aR 
HTclEvent: SIGNAL_MODIFY   Classes: ui.views.aR 
HTclEvent: SIGNAL_BUS_MODIFY   Classes: ui.views.aR 
HTclEvent: DEBUG_CORE_CONFIG_CHANGE   Classes: ui.views.aR 
 (See /media/ssinghal/480A-D8B5/CS220Labs/Lab4/lcd/planAhead_pid5411.debug)
ERROR: [Common 17-39] 'stop_gui' failed due to earlier errors.
INFO: [Common 17-206] Exiting PlanAhead at Mon Feb  4 14:57:17 2019...
INFO: [Common 17-83] Releasing license: PlanAhead
